<?xml version="1.0" encoding="UTF-8"?>
<coverage generated="1571431223764" clover="3.2.0">
  <project timestamp="1571431223764" name="All files">
    <metrics statements="15" coveredstatements="13" conditionals="2" coveredconditionals="0" methods="4" coveredmethods="2" elements="21" coveredelements="15" complexity="0" loc="15" ncloc="15" packages="1" files="2" classes="2"/>
    <file name="menu-item.component.jsx" path="/Users/reba/Code/react-course/harrys-hoods/client/src/components/menu-item/menu-item.component.jsx">
      <metrics statements="3" coveredstatements="3" conditionals="0" coveredconditionals="0" methods="2" coveredmethods="2"/>
      <line num="23" count="2" type="stmt"/>
      <line num="24" count="4" type="stmt"/>
      <line num="26" count="1" type="stmt"/>
    </file>
    <file name="menu-item.styles.jsx" path="/Users/reba/Code/react-course/harrys-hoods/client/src/components/menu-item/menu-item.styles.jsx">
      <metrics statements="12" coveredstatements="10" conditionals="2" coveredconditionals="0" methods="2" coveredmethods="0"/>
      <line num="3" count="2" type="stmt"/>
      <line num="8" count="0" type="cond" truecount="0" falsecount="2"/>
      <line num="44" count="2" type="stmt"/>
      <line num="45" count="0" type="stmt"/>
      <line num="52" count="2" type="stmt"/>
      <line num="65" count="2" type="stmt"/>
      <line num="72" count="2" type="stmt"/>
      <line num="78" count="2" type="stmt"/>
      <line num="79" count="2" type="stmt"/>
      <line num="80" count="2" type="stmt"/>
      <line num="81" count="2" type="stmt"/>
      <line num="82" count="2" type="stmt"/>
    </file>
  </project>
</coverage>
