{"/Users/reba/Code/react-course/harrys-hoods/client/src/components/menu-item/menu-item.component.jsx": {"path":"/Users/reba/Code/react-course/harrys-hoods/client/src/components/menu-item/menu-item.component.jsx","statementMap":{"0":{"start":{"line":23,"column":24},"end":{"line":40,"column":1}},"1":{"start":{"line":24,"column":4},"end":{"line":39,"column":24}},"2":{"start":{"line":26,"column":23},"end":{"line":26,"column":65}}},"fnMap":{"0":{"name":"(anonymous_0)","decl":{"start":{"line":23,"column":24},"end":{"line":23,"column":25}},"loc":{"start":{"line":24,"column":4},"end":{"line":39,"column":24}},"line":24},"1":{"name":"(anonymous_1)","decl":{"start":{"line":26,"column":17},"end":{"line":26,"column":18}},"loc":{"start":{"line":26,"column":23},"end":{"line":26,"column":65}},"line":26}},"branchMap":{},"s":{"0":2,"1":4,"2":1},"f":{"0":4,"1":1},"b":{},"_coverageSchema":"43e27e138ebf9cfc5966b082cf9a028302ed4184","hash":"46026884b76c9e5a8937ea3ab434fe41f4a19cad"}
,"/Users/reba/Code/react-course/harrys-hoods/client/src/components/menu-item/menu-item.styles.jsx": {"path":"/Users/reba/Code/react-course/harrys-hoods/client/src/components/menu-item/menu-item.styles.jsx","statementMap":{"0":{"start":{"line":3,"column":33},"end":{"line":42,"column":1}},"1":{"start":{"line":8,"column":29},"end":{"line":8,"column":53}},"2":{"start":{"line":44,"column":40},"end":{"line":50,"column":1}},"3":{"start":{"line":45,"column":42},"end":{"line":45,"column":60}},"4":{"start":{"line":52,"column":32},"end":{"line":63,"column":1}},"5":{"start":{"line":65,"column":28},"end":{"line":70,"column":1}},"6":{"start":{"line":72,"column":31},"end":{"line":75,"column":1}},"7":{"start":{"line":78,"column":0},"end":{"line":78,"column":52}},"8":{"start":{"line":79,"column":0},"end":{"line":79,"column":66}},"9":{"start":{"line":80,"column":0},"end":{"line":80,"column":50}},"10":{"start":{"line":81,"column":0},"end":{"line":81,"column":42}},"11":{"start":{"line":82,"column":0},"end":{"line":82,"column":48}}},"fnMap":{"0":{"name":"(anonymous_0)","decl":{"start":{"line":8,"column":14},"end":{"line":8,"column":15}},"loc":{"start":{"line":8,"column":29},"end":{"line":8,"column":53}},"line":8},"1":{"name":"(anonymous_1)","decl":{"start":{"line":45,"column":24},"end":{"line":45,"column":25}},"loc":{"start":{"line":45,"column":42},"end":{"line":45,"column":60}},"line":45}},"branchMap":{"0":{"loc":{"start":{"line":8,"column":29},"end":{"line":8,"column":53}},"type":"cond-expr","locations":[{"start":{"line":8,"column":36},"end":{"line":8,"column":43}},{"start":{"line":8,"column":46},"end":{"line":8,"column":53}}],"line":8}},"s":{"0":2,"1":0,"2":2,"3":0,"4":2,"5":2,"6":2,"7":2,"8":2,"9":2,"10":2,"11":2},"f":{"0":0,"1":0},"b":{"0":[0,0]},"_coverageSchema":"43e27e138ebf9cfc5966b082cf9a028302ed4184","hash":"9f864f422ca8767af50b6505f63dd0e8d724ff29"}
}
