{"/Users/reba/Code/react-course/harrys-hoods/client/src/components/directory/directory.component.jsx": {"path":"/Users/reba/Code/react-course/harrys-hoods/client/src/components/directory/directory.component.jsx","statementMap":{"0":{"start":{"line":17,"column":25},"end":{"line":25,"column":1}},"1":{"start":{"line":18,"column":4},"end":{"line":24,"column":29}},"2":{"start":{"line":21,"column":16},"end":{"line":21,"column":60}},"3":{"start":{"line":27,"column":24},"end":{"line":29,"column":2}}},"fnMap":{"0":{"name":"(anonymous_0)","decl":{"start":{"line":17,"column":25},"end":{"line":17,"column":26}},"loc":{"start":{"line":18,"column":4},"end":{"line":24,"column":29}},"line":18},"1":{"name":"(anonymous_1)","decl":{"start":{"line":20,"column":25},"end":{"line":20,"column":26}},"loc":{"start":{"line":21,"column":16},"end":{"line":21,"column":60}},"line":21}},"branchMap":{},"s":{"0":1,"1":1,"2":0,"3":1},"f":{"0":1,"1":0},"b":{},"_coverageSchema":"43e27e138ebf9cfc5966b082cf9a028302ed4184","hash":"1f1dd90e5f8cb530bc24c6e43386f2bdcf3dcee6"}
}
