TN:
SF:/Users/reba/Code/react-course/harrys-hoods/client/src/components/checkout-item/checkout-item.component.jsx
FN:16,(anonymous_0)
FN:32,(anonymous_1)
FN:38,(anonymous_2)
FN:45,(anonymous_3)
FN:52,(anonymous_4)
FN:53,(anonymous_5)
FN:54,(anonymous_6)
FN:55,(anonymous_7)
FNF:8
FNH:4
FNDA:4,(anonymous_0)
FNDA:1,(anonymous_1)
FNDA:1,(anonymous_2)
FNDA:1,(anonymous_3)
FNDA:0,(anonymous_4)
FNDA:0,(anonymous_5)
FNDA:0,(anonymous_6)
FNDA:0,(anonymous_7)
DA:16,1
DA:17,4
DA:19,4
DA:32,1
DA:38,1
DA:45,1
DA:52,1
DA:53,0
DA:54,0
DA:55,0
LF:10
LH:7
BRF:0
BRH:0
end_of_record
