TN:
SF:/Users/reba/Code/react-course/harrys-hoods/client/src/components/menu-item/menu-item.component.jsx
FN:23,(anonymous_0)
FN:26,(anonymous_1)
FNF:2
FNH:2
FNDA:4,(anonymous_0)
FNDA:1,(anonymous_1)
DA:23,2
DA:24,4
DA:26,1
LF:3
LH:3
BRF:0
BRH:0
end_of_record
TN:
SF:/Users/reba/Code/react-course/harrys-hoods/client/src/components/menu-item/menu-item.styles.jsx
FN:8,(anonymous_0)
FN:45,(anonymous_1)
FNF:2
FNH:0
FNDA:0,(anonymous_0)
FNDA:0,(anonymous_1)
DA:3,2
DA:8,0
DA:44,2
DA:45,0
DA:52,2
DA:65,2
DA:72,2
DA:78,2
DA:79,2
DA:80,2
DA:81,2
DA:82,2
LF:12
LH:10
BRDA:8,0,0,0
BRDA:8,0,1,0
BRF:2
BRH:0
end_of_record
