{"/Users/reba/Code/react-course/harrys-hoods/client/src/App.js": {"path":"/Users/reba/Code/react-course/harrys-hoods/client/src/App.js","statementMap":{"0":{"start":{"line":23,"column":21},"end":{"line":23,"column":83}},"1":{"start":{"line":23,"column":32},"end":{"line":23,"column":82}},"2":{"start":{"line":24,"column":17},"end":{"line":24,"column":74}},"3":{"start":{"line":24,"column":28},"end":{"line":24,"column":73}},"4":{"start":{"line":25,"column":17},"end":{"line":25,"column":66}},"5":{"start":{"line":25,"column":28},"end":{"line":25,"column":65}},"6":{"start":{"line":26,"column":24},"end":{"line":26,"column":103}},"7":{"start":{"line":26,"column":35},"end":{"line":26,"column":102}},"8":{"start":{"line":28,"column":12},"end":{"line":75,"column":1}},"9":{"start":{"line":29,"column":2},"end":{"line":43,"column":25}},"10":{"start":{"line":30,"column":4},"end":{"line":30,"column":23}},"11":{"start":{"line":45,"column":2},"end":{"line":74,"column":4}},"12":{"start":{"line":65,"column":28},"end":{"line":67,"column":37}},"13":{"start":{"line":77,"column":27},"end":{"line":79,"column":2}},"14":{"start":{"line":77,"column":40},"end":{"line":79,"column":1}},"15":{"start":{"line":78,"column":26},"end":{"line":78,"column":54}},"16":{"start":{"line":81,"column":24},"end":{"line":86,"column":2}}},"fnMap":{"0":{"name":"(anonymous_0)","decl":{"start":{"line":23,"column":26},"end":{"line":23,"column":27}},"loc":{"start":{"line":23,"column":32},"end":{"line":23,"column":82}},"line":23},"1":{"name":"(anonymous_1)","decl":{"start":{"line":24,"column":22},"end":{"line":24,"column":23}},"loc":{"start":{"line":24,"column":28},"end":{"line":24,"column":73}},"line":24},"2":{"name":"(anonymous_2)","decl":{"start":{"line":25,"column":22},"end":{"line":25,"column":23}},"loc":{"start":{"line":25,"column":28},"end":{"line":25,"column":65}},"line":25},"3":{"name":"(anonymous_3)","decl":{"start":{"line":26,"column":29},"end":{"line":26,"column":30}},"loc":{"start":{"line":26,"column":35},"end":{"line":26,"column":102}},"line":26},"4":{"name":"(anonymous_4)","decl":{"start":{"line":28,"column":12},"end":{"line":28,"column":13}},"loc":{"start":{"line":28,"column":51},"end":{"line":75,"column":1}},"line":28},"5":{"name":"(anonymous_5)","decl":{"start":{"line":29,"column":12},"end":{"line":29,"column":13}},"loc":{"start":{"line":29,"column":18},"end":{"line":43,"column":3}},"line":29},"6":{"name":"(anonymous_6)","decl":{"start":{"line":65,"column":22},"end":{"line":65,"column":23}},"loc":{"start":{"line":65,"column":28},"end":{"line":67,"column":37}},"line":65},"7":{"name":"(anonymous_7)","decl":{"start":{"line":77,"column":27},"end":{"line":77,"column":28}},"loc":{"start":{"line":77,"column":40},"end":{"line":79,"column":1}},"line":77},"8":{"name":"(anonymous_8)","decl":{"start":{"line":78,"column":20},"end":{"line":78,"column":21}},"loc":{"start":{"line":78,"column":26},"end":{"line":78,"column":54}},"line":78}},"branchMap":{"0":{"loc":{"start":{"line":65,"column":28},"end":{"line":67,"column":37}},"type":"cond-expr","locations":[{"start":{"line":66,"column":18},"end":{"line":66,"column":37}},{"start":{"line":67,"column":18},"end":{"line":67,"column":37}}],"line":65}},"s":{"0":0,"1":0,"2":0,"3":0,"4":0,"5":0,"6":0,"7":0,"8":0,"9":0,"10":0,"11":0,"12":0,"13":0,"14":0,"15":0,"16":0},"f":{"0":0,"1":0,"2":0,"3":0,"4":0,"5":0,"6":0,"7":0,"8":0},"b":{"0":[0,0]},"hash":"04d8bbfb9319b70b436f50e873d45f9ecad3bff4"}
,"/Users/reba/Code/react-course/harrys-hoods/client/src/global.styles.js": {"path":"/Users/reba/Code/react-course/harrys-hoods/client/src/global.styles.js","statementMap":{"0":{"start":{"line":3,"column":27},"end":{"line":22,"column":1}}},"fnMap":{},"branchMap":{},"s":{"0":0},"f":{},"b":{},"hash":"d374f25ae6770d27b7a0b5a24b84eea8a98a4835"}
,"/Users/reba/Code/react-course/harrys-hoods/client/src/index.js": {"path":"/Users/reba/Code/react-course/harrys-hoods/client/src/index.js","statementMap":{"0":{"start":{"line":13,"column":0},"end":{"line":22,"column":2}},"1":{"start":{"line":24,"column":0},"end":{"line":24,"column":25}}},"fnMap":{},"branchMap":{},"s":{"0":0,"1":0},"f":{},"b":{},"hash":"b62571887b68586955909c520c8a34eafe86b002"}
,"/Users/reba/Code/react-course/harrys-hoods/client/src/serviceWorker.js": {"path":"/Users/reba/Code/react-course/harrys-hoods/client/src/serviceWorker.js","statementMap":{"0":{"start":{"line":13,"column":20},"end":{"line":21,"column":3}},"1":{"start":{"line":24,"column":4},"end":{"line":54,"column":5}},"2":{"start":{"line":26,"column":24},"end":{"line":26,"column":77}},"3":{"start":{"line":27,"column":6},"end":{"line":32,"column":7}},"4":{"start":{"line":31,"column":8},"end":{"line":31,"column":15}},"5":{"start":{"line":34,"column":6},"end":{"line":53,"column":9}},"6":{"start":{"line":35,"column":22},"end":{"line":35,"column":67}},"7":{"start":{"line":37,"column":8},"end":{"line":52,"column":9}},"8":{"start":{"line":39,"column":10},"end":{"line":39,"column":49}},"9":{"start":{"line":43,"column":10},"end":{"line":48,"column":13}},"10":{"start":{"line":44,"column":12},"end":{"line":47,"column":14}},"11":{"start":{"line":51,"column":10},"end":{"line":51,"column":41}},"12":{"start":{"line":58,"column":4},"end":{"line":98,"column":9}},"13":{"start":{"line":61,"column":8},"end":{"line":94,"column":10}},"14":{"start":{"line":62,"column":35},"end":{"line":62,"column":58}},"15":{"start":{"line":63,"column":10},"end":{"line":65,"column":11}},"16":{"start":{"line":64,"column":12},"end":{"line":64,"column":19}},"17":{"start":{"line":66,"column":10},"end":{"line":93,"column":12}},"18":{"start":{"line":67,"column":12},"end":{"line":92,"column":13}},"19":{"start":{"line":68,"column":14},"end":{"line":91,"column":15}},"20":{"start":{"line":72,"column":16},"end":{"line":75,"column":18}},"21":{"start":{"line":78,"column":16},"end":{"line":80,"column":17}},"22":{"start":{"line":79,"column":18},"end":{"line":79,"column":48}},"23":{"start":{"line":85,"column":16},"end":{"line":85,"column":66}},"24":{"start":{"line":88,"column":16},"end":{"line":90,"column":17}},"25":{"start":{"line":89,"column":18},"end":{"line":89,"column":49}},"26":{"start":{"line":97,"column":8},"end":{"line":97,"column":74}},"27":{"start":{"line":103,"column":4},"end":{"line":126,"column":9}},"28":{"start":{"line":106,"column":28},"end":{"line":106,"column":64}},"29":{"start":{"line":107,"column":8},"end":{"line":120,"column":9}},"30":{"start":{"line":112,"column":10},"end":{"line":116,"column":13}},"31":{"start":{"line":113,"column":12},"end":{"line":115,"column":15}},"32":{"start":{"line":114,"column":14},"end":{"line":114,"column":39}},"33":{"start":{"line":119,"column":10},"end":{"line":119,"column":41}},"34":{"start":{"line":123,"column":8},"end":{"line":125,"column":10}},"35":{"start":{"line":130,"column":4},"end":{"line":134,"column":5}},"36":{"start":{"line":131,"column":6},"end":{"line":133,"column":9}},"37":{"start":{"line":132,"column":8},"end":{"line":132,"column":34}}},"fnMap":{"0":{"name":"register","decl":{"start":{"line":23,"column":18},"end":{"line":23,"column":26}},"loc":{"start":{"line":23,"column":35},"end":{"line":55,"column":3}},"line":23},"1":{"name":"(anonymous_1)","decl":{"start":{"line":34,"column":38},"end":{"line":34,"column":39}},"loc":{"start":{"line":34,"column":44},"end":{"line":53,"column":7}},"line":34},"2":{"name":"(anonymous_2)","decl":{"start":{"line":43,"column":45},"end":{"line":43,"column":46}},"loc":{"start":{"line":43,"column":51},"end":{"line":48,"column":11}},"line":43},"3":{"name":"registerValidSW","decl":{"start":{"line":57,"column":11},"end":{"line":57,"column":26}},"loc":{"start":{"line":57,"column":42},"end":{"line":99,"column":3}},"line":57},"4":{"name":"(anonymous_4)","decl":{"start":{"line":60,"column":12},"end":{"line":60,"column":13}},"loc":{"start":{"line":60,"column":28},"end":{"line":95,"column":7}},"line":60},"5":{"name":"(anonymous_5)","decl":{"start":{"line":61,"column":37},"end":{"line":61,"column":38}},"loc":{"start":{"line":61,"column":43},"end":{"line":94,"column":9}},"line":61},"6":{"name":"(anonymous_6)","decl":{"start":{"line":66,"column":43},"end":{"line":66,"column":44}},"loc":{"start":{"line":66,"column":49},"end":{"line":93,"column":11}},"line":66},"7":{"name":"(anonymous_7)","decl":{"start":{"line":96,"column":13},"end":{"line":96,"column":14}},"loc":{"start":{"line":96,"column":22},"end":{"line":98,"column":7}},"line":96},"8":{"name":"checkValidServiceWorker","decl":{"start":{"line":101,"column":11},"end":{"line":101,"column":34}},"loc":{"start":{"line":101,"column":50},"end":{"line":127,"column":3}},"line":101},"9":{"name":"(anonymous_9)","decl":{"start":{"line":104,"column":12},"end":{"line":104,"column":13}},"loc":{"start":{"line":104,"column":24},"end":{"line":121,"column":7}},"line":104},"10":{"name":"(anonymous_10)","decl":{"start":{"line":112,"column":45},"end":{"line":112,"column":46}},"loc":{"start":{"line":112,"column":61},"end":{"line":116,"column":11}},"line":112},"11":{"name":"(anonymous_11)","decl":{"start":{"line":113,"column":43},"end":{"line":113,"column":44}},"loc":{"start":{"line":113,"column":49},"end":{"line":115,"column":13}},"line":113},"12":{"name":"(anonymous_12)","decl":{"start":{"line":122,"column":13},"end":{"line":122,"column":14}},"loc":{"start":{"line":122,"column":19},"end":{"line":126,"column":7}},"line":122},"13":{"name":"unregister","decl":{"start":{"line":129,"column":18},"end":{"line":129,"column":28}},"loc":{"start":{"line":129,"column":31},"end":{"line":135,"column":3}},"line":129},"14":{"name":"(anonymous_14)","decl":{"start":{"line":131,"column":41},"end":{"line":131,"column":42}},"loc":{"start":{"line":131,"column":57},"end":{"line":133,"column":7}},"line":131}},"branchMap":{"0":{"loc":{"start":{"line":14,"column":4},"end":{"line":20,"column":7}},"type":"binary-expr","locations":[{"start":{"line":14,"column":4},"end":{"line":14,"column":44}},{"start":{"line":16,"column":6},"end":{"line":16,"column":42}},{"start":{"line":18,"column":6},"end":{"line":20,"column":7}}],"line":14},"1":{"loc":{"start":{"line":24,"column":4},"end":{"line":54,"column":5}},"type":"if","locations":[{"start":{"line":24,"column":4},"end":{"line":54,"column":5}},{"start":{"line":24,"column":4},"end":{"line":54,"column":5}}],"line":24},"2":{"loc":{"start":{"line":24,"column":8},"end":{"line":24,"column":77}},"type":"binary-expr","locations":[{"start":{"line":24,"column":8},"end":{"line":24,"column":45}},{"start":{"line":24,"column":49},"end":{"line":24,"column":77}}],"line":24},"3":{"loc":{"start":{"line":27,"column":6},"end":{"line":32,"column":7}},"type":"if","locations":[{"start":{"line":27,"column":6},"end":{"line":32,"column":7}},{"start":{"line":27,"column":6},"end":{"line":32,"column":7}}],"line":27},"4":{"loc":{"start":{"line":37,"column":8},"end":{"line":52,"column":9}},"type":"if","locations":[{"start":{"line":37,"column":8},"end":{"line":52,"column":9}},{"start":{"line":37,"column":8},"end":{"line":52,"column":9}}],"line":37},"5":{"loc":{"start":{"line":63,"column":10},"end":{"line":65,"column":11}},"type":"if","locations":[{"start":{"line":63,"column":10},"end":{"line":65,"column":11}},{"start":{"line":63,"column":10},"end":{"line":65,"column":11}}],"line":63},"6":{"loc":{"start":{"line":67,"column":12},"end":{"line":92,"column":13}},"type":"if","locations":[{"start":{"line":67,"column":12},"end":{"line":92,"column":13}},{"start":{"line":67,"column":12},"end":{"line":92,"column":13}}],"line":67},"7":{"loc":{"start":{"line":68,"column":14},"end":{"line":91,"column":15}},"type":"if","locations":[{"start":{"line":68,"column":14},"end":{"line":91,"column":15}},{"start":{"line":68,"column":14},"end":{"line":91,"column":15}}],"line":68},"8":{"loc":{"start":{"line":78,"column":16},"end":{"line":80,"column":17}},"type":"if","locations":[{"start":{"line":78,"column":16},"end":{"line":80,"column":17}},{"start":{"line":78,"column":16},"end":{"line":80,"column":17}}],"line":78},"9":{"loc":{"start":{"line":78,"column":20},"end":{"line":78,"column":45}},"type":"binary-expr","locations":[{"start":{"line":78,"column":20},"end":{"line":78,"column":26}},{"start":{"line":78,"column":30},"end":{"line":78,"column":45}}],"line":78},"10":{"loc":{"start":{"line":88,"column":16},"end":{"line":90,"column":17}},"type":"if","locations":[{"start":{"line":88,"column":16},"end":{"line":90,"column":17}},{"start":{"line":88,"column":16},"end":{"line":90,"column":17}}],"line":88},"11":{"loc":{"start":{"line":88,"column":20},"end":{"line":88,"column":46}},"type":"binary-expr","locations":[{"start":{"line":88,"column":20},"end":{"line":88,"column":26}},{"start":{"line":88,"column":30},"end":{"line":88,"column":46}}],"line":88},"12":{"loc":{"start":{"line":107,"column":8},"end":{"line":120,"column":9}},"type":"if","locations":[{"start":{"line":107,"column":8},"end":{"line":120,"column":9}},{"start":{"line":107,"column":8},"end":{"line":120,"column":9}}],"line":107},"13":{"loc":{"start":{"line":108,"column":10},"end":{"line":109,"column":75}},"type":"binary-expr","locations":[{"start":{"line":108,"column":10},"end":{"line":108,"column":33}},{"start":{"line":109,"column":11},"end":{"line":109,"column":30}},{"start":{"line":109,"column":34},"end":{"line":109,"column":74}}],"line":108},"14":{"loc":{"start":{"line":130,"column":4},"end":{"line":134,"column":5}},"type":"if","locations":[{"start":{"line":130,"column":4},"end":{"line":134,"column":5}},{"start":{"line":130,"column":4},"end":{"line":134,"column":5}}],"line":130}},"s":{"0":0,"1":0,"2":0,"3":0,"4":0,"5":0,"6":0,"7":0,"8":0,"9":0,"10":0,"11":0,"12":0,"13":0,"14":0,"15":0,"16":0,"17":0,"18":0,"19":0,"20":0,"21":0,"22":0,"23":0,"24":0,"25":0,"26":0,"27":0,"28":0,"29":0,"30":0,"31":0,"32":0,"33":0,"34":0,"35":0,"36":0,"37":0},"f":{"0":0,"1":0,"2":0,"3":0,"4":0,"5":0,"6":0,"7":0,"8":0,"9":0,"10":0,"11":0,"12":0,"13":0,"14":0},"b":{"0":[0,0,0],"1":[0,0],"2":[0,0],"3":[0,0],"4":[0,0],"5":[0,0],"6":[0,0],"7":[0,0],"8":[0,0],"9":[0,0],"10":[0,0],"11":[0,0],"12":[0,0],"13":[0,0,0],"14":[0,0]},"hash":"5b43abcba3a99fb4119f278c2fe9e5459f2ad2ff"}
,"/Users/reba/Code/react-course/harrys-hoods/client/src/components/cart-dropdown/cart-dropdown.component.jsx": {"path":"/Users/reba/Code/react-course/harrys-hoods/client/src/components/cart-dropdown/cart-dropdown.component.jsx","statementMap":{"0":{"start":{"line":27,"column":28},"end":{"line":48,"column":1}},"1":{"start":{"line":28,"column":4},"end":{"line":47,"column":28}},"2":{"start":{"line":33,"column":48},"end":{"line":33,"column":98}},"3":{"start":{"line":41,"column":16},"end":{"line":41,"column":42}},"4":{"start":{"line":42,"column":16},"end":{"line":42,"column":45}},"5":{"start":{"line":50,"column":24},"end":{"line":52,"column":2}}},"fnMap":{"0":{"name":"(anonymous_0)","decl":{"start":{"line":27,"column":28},"end":{"line":27,"column":29}},"loc":{"start":{"line":28,"column":4},"end":{"line":47,"column":28}},"line":28},"1":{"name":"(anonymous_1)","decl":{"start":{"line":33,"column":36},"end":{"line":33,"column":37}},"loc":{"start":{"line":33,"column":48},"end":{"line":33,"column":98}},"line":33},"2":{"name":"(anonymous_2)","decl":{"start":{"line":40,"column":21},"end":{"line":40,"column":22}},"loc":{"start":{"line":40,"column":27},"end":{"line":43,"column":13}},"line":40}},"branchMap":{"0":{"loc":{"start":{"line":32,"column":16},"end":{"line":34,"column":87}},"type":"cond-expr","locations":[{"start":{"line":33,"column":22},"end":{"line":33,"column":99}},{"start":{"line":34,"column":22},"end":{"line":34,"column":87}}],"line":32}},"s":{"0":2,"1":5,"2":12,"3":1,"4":1,"5":2},"f":{"0":5,"1":12,"2":1},"b":{"0":[4,1]},"_coverageSchema":"43e27e138ebf9cfc5966b082cf9a028302ed4184","hash":"7beb14f8b08155cc01ca3aa2b03202269d376887"}
,"/Users/reba/Code/react-course/harrys-hoods/client/src/components/cart-dropdown/cart-dropdown.styles.jsx": {"path":"/Users/reba/Code/react-course/harrys-hoods/client/src/components/cart-dropdown/cart-dropdown.styles.jsx","statementMap":{"0":{"start":{"line":4,"column":34},"end":{"line":6,"column":1}},"1":{"start":{"line":8,"column":37},"end":{"line":20,"column":1}},"2":{"start":{"line":22,"column":34},"end":{"line":27,"column":1}},"3":{"start":{"line":29,"column":37},"end":{"line":32,"column":1}},"4":{"start":{"line":35,"column":0},"end":{"line":35,"column":54}},"5":{"start":{"line":36,"column":0},"end":{"line":36,"column":60}},"6":{"start":{"line":37,"column":0},"end":{"line":37,"column":54}},"7":{"start":{"line":38,"column":0},"end":{"line":38,"column":60}}},"fnMap":{},"branchMap":{},"s":{"0":2,"1":2,"2":2,"3":2,"4":2,"5":2,"6":2,"7":2},"f":{},"b":{},"_coverageSchema":"43e27e138ebf9cfc5966b082cf9a028302ed4184","hash":"35587560ed1f2fc5f3c0a280506feae379b509e2"}
,"/Users/reba/Code/react-course/harrys-hoods/client/src/components/cart-icon/cart-icon.component.jsx": {"path":"/Users/reba/Code/react-course/harrys-hoods/client/src/components/cart-icon/cart-icon.component.jsx","statementMap":{"0":{"start":{"line":19,"column":24},"end":{"line":24,"column":1}},"1":{"start":{"line":20,"column":4},"end":{"line":23,"column":24}},"2":{"start":{"line":26,"column":24},"end":{"line":28,"column":2}},"3":{"start":{"line":30,"column":27},"end":{"line":32,"column":2}},"4":{"start":{"line":30,"column":40},"end":{"line":32,"column":1}},"5":{"start":{"line":31,"column":28},"end":{"line":31,"column":56}}},"fnMap":{"0":{"name":"(anonymous_0)","decl":{"start":{"line":19,"column":24},"end":{"line":19,"column":25}},"loc":{"start":{"line":20,"column":4},"end":{"line":23,"column":24}},"line":20},"1":{"name":"(anonymous_1)","decl":{"start":{"line":30,"column":27},"end":{"line":30,"column":28}},"loc":{"start":{"line":30,"column":40},"end":{"line":32,"column":1}},"line":30},"2":{"name":"(anonymous_2)","decl":{"start":{"line":31,"column":22},"end":{"line":31,"column":23}},"loc":{"start":{"line":31,"column":28},"end":{"line":31,"column":56}},"line":31}},"branchMap":{},"s":{"0":2,"1":3,"2":2,"3":2,"4":0,"5":0},"f":{"0":3,"1":0,"2":0},"b":{},"_coverageSchema":"43e27e138ebf9cfc5966b082cf9a028302ed4184","hash":"be72afeba82f250704c77351ab80733473a9457f"}
,"/Users/reba/Code/react-course/harrys-hoods/client/src/components/cart-icon/cart-icon.styles.jsx": {"path":"/Users/reba/Code/react-course/harrys-hoods/client/src/components/cart-icon/cart-icon.styles.jsx","statementMap":{"0":{"start":{"line":4,"column":33},"end":{"line":12,"column":1}},"1":{"start":{"line":14,"column":34},"end":{"line":19,"column":1}},"2":{"start":{"line":21,"column":28},"end":{"line":24,"column":1}},"3":{"start":{"line":27,"column":0},"end":{"line":27,"column":52}},"4":{"start":{"line":28,"column":0},"end":{"line":28,"column":54}},"5":{"start":{"line":29,"column":0},"end":{"line":29,"column":42}}},"fnMap":{},"branchMap":{},"s":{"0":2,"1":2,"2":2,"3":2,"4":2,"5":2},"f":{},"b":{},"_coverageSchema":"43e27e138ebf9cfc5966b082cf9a028302ed4184","hash":"16da96a7bb25c3ee5b1af2a090a056fcee9a1ed8"}
,"/Users/reba/Code/react-course/harrys-hoods/client/src/components/cart-item/cart-item.component.jsx": {"path":"/Users/reba/Code/react-course/harrys-hoods/client/src/components/cart-item/cart-item.component.jsx","statementMap":{"0":{"start":{"line":10,"column":17},"end":{"line":18,"column":1}},"1":{"start":{"line":11,"column":4},"end":{"line":17,"column":24}}},"fnMap":{"0":{"name":"(anonymous_0)","decl":{"start":{"line":10,"column":17},"end":{"line":10,"column":18}},"loc":{"start":{"line":11,"column":4},"end":{"line":17,"column":24}},"line":11}},"branchMap":{},"s":{"0":3,"1":1},"f":{"0":1},"b":{},"_coverageSchema":"43e27e138ebf9cfc5966b082cf9a028302ed4184","hash":"dfad20dbea1a933d12c2db33e77dc3f5be292506"}
,"/Users/reba/Code/react-course/harrys-hoods/client/src/components/cart-item/cart-item.styles.jsx": {"path":"/Users/reba/Code/react-course/harrys-hoods/client/src/components/cart-item/cart-item.styles.jsx","statementMap":{"0":{"start":{"line":3,"column":33},"end":{"line":8,"column":1}},"1":{"start":{"line":10,"column":29},"end":{"line":12,"column":1}},"2":{"start":{"line":14,"column":36},"end":{"line":21,"column":1}},"3":{"start":{"line":24,"column":0},"end":{"line":24,"column":52}},"4":{"start":{"line":25,"column":0},"end":{"line":25,"column":44}},"5":{"start":{"line":26,"column":0},"end":{"line":26,"column":58}}},"fnMap":{},"branchMap":{},"s":{"0":3,"1":3,"2":3,"3":3,"4":3,"5":3},"f":{},"b":{},"_coverageSchema":"43e27e138ebf9cfc5966b082cf9a028302ed4184","hash":"29ca4449b044ef0beec9427be2d96996c0e93eae"}
,"/Users/reba/Code/react-course/harrys-hoods/client/src/components/checkout-item/checkout-item.component.jsx": {"path":"/Users/reba/Code/react-course/harrys-hoods/client/src/components/checkout-item/checkout-item.component.jsx","statementMap":{"0":{"start":{"line":16,"column":28},"end":{"line":50,"column":1}},"1":{"start":{"line":17,"column":48},"end":{"line":17,"column":56}},"2":{"start":{"line":19,"column":4},"end":{"line":49,"column":5}},"3":{"start":{"line":32,"column":36},"end":{"line":32,"column":56}},"4":{"start":{"line":38,"column":36},"end":{"line":38,"column":53}},"5":{"start":{"line":45,"column":50},"end":{"line":45,"column":69}},"6":{"start":{"line":52,"column":27},"end":{"line":56,"column":2}},"7":{"start":{"line":52,"column":40},"end":{"line":56,"column":1}},"8":{"start":{"line":53,"column":21},"end":{"line":53,"column":44}},"9":{"start":{"line":54,"column":23},"end":{"line":54,"column":56}},"10":{"start":{"line":55,"column":24},"end":{"line":55,"column":50}}},"fnMap":{"0":{"name":"(anonymous_0)","decl":{"start":{"line":16,"column":28},"end":{"line":16,"column":29}},"loc":{"start":{"line":16,"column":78},"end":{"line":50,"column":1}},"line":16},"1":{"name":"(anonymous_1)","decl":{"start":{"line":32,"column":30},"end":{"line":32,"column":31}},"loc":{"start":{"line":32,"column":36},"end":{"line":32,"column":56}},"line":32},"2":{"name":"(anonymous_2)","decl":{"start":{"line":38,"column":30},"end":{"line":38,"column":31}},"loc":{"start":{"line":38,"column":36},"end":{"line":38,"column":53}},"line":38},"3":{"name":"(anonymous_3)","decl":{"start":{"line":45,"column":44},"end":{"line":45,"column":45}},"loc":{"start":{"line":45,"column":50},"end":{"line":45,"column":69}},"line":45},"4":{"name":"(anonymous_4)","decl":{"start":{"line":52,"column":27},"end":{"line":52,"column":28}},"loc":{"start":{"line":52,"column":40},"end":{"line":56,"column":1}},"line":52},"5":{"name":"(anonymous_5)","decl":{"start":{"line":53,"column":13},"end":{"line":53,"column":14}},"loc":{"start":{"line":53,"column":21},"end":{"line":53,"column":44}},"line":53},"6":{"name":"(anonymous_6)","decl":{"start":{"line":54,"column":15},"end":{"line":54,"column":16}},"loc":{"start":{"line":54,"column":23},"end":{"line":54,"column":56}},"line":54},"7":{"name":"(anonymous_7)","decl":{"start":{"line":55,"column":16},"end":{"line":55,"column":17}},"loc":{"start":{"line":55,"column":24},"end":{"line":55,"column":50}},"line":55}},"branchMap":{},"s":{"0":2,"1":4,"2":4,"3":1,"4":1,"5":1,"6":2,"7":0,"8":0,"9":0,"10":0},"f":{"0":4,"1":1,"2":1,"3":1,"4":0,"5":0,"6":0,"7":0},"b":{},"_coverageSchema":"43e27e138ebf9cfc5966b082cf9a028302ed4184","hash":"7463f6f598c36f36195f5ec15726b0887a6712af"}
,"/Users/reba/Code/react-course/harrys-hoods/client/src/components/checkout-item/checkout-item.styles.jsx": {"path":"/Users/reba/Code/react-course/harrys-hoods/client/src/components/checkout-item/checkout-item.styles.jsx","statementMap":{"0":{"start":{"line":3,"column":37},"end":{"line":15,"column":1}},"1":{"start":{"line":17,"column":30},"end":{"line":25,"column":1}},"2":{"start":{"line":27,"column":29},"end":{"line":33,"column":1}},"3":{"start":{"line":35,"column":33},"end":{"line":45,"column":1}},"4":{"start":{"line":47,"column":37},"end":{"line":50,"column":1}},"5":{"start":{"line":53,"column":0},"end":{"line":53,"column":60}},"6":{"start":{"line":54,"column":0},"end":{"line":54,"column":46}},"7":{"start":{"line":55,"column":0},"end":{"line":55,"column":52}},"8":{"start":{"line":56,"column":0},"end":{"line":56,"column":60}},"9":{"start":{"line":57,"column":0},"end":{"line":57,"column":44}}},"fnMap":{},"branchMap":{},"s":{"0":2,"1":2,"2":2,"3":2,"4":2,"5":2,"6":2,"7":2,"8":2,"9":2},"f":{},"b":{},"_coverageSchema":"43e27e138ebf9cfc5966b082cf9a028302ed4184","hash":"4af58bc75b70f6190b2287c02830a19594f2c25f"}
,"/Users/reba/Code/react-course/harrys-hoods/client/src/components/collection-item/collection-item.component.jsx": {"path":"/Users/reba/Code/react-course/harrys-hoods/client/src/components/collection-item/collection-item.component.jsx","statementMap":{"0":{"start":{"line":22,"column":30},"end":{"line":48,"column":1}},"1":{"start":{"line":23,"column":38},"end":{"line":23,"column":42}},"2":{"start":{"line":25,"column":4},"end":{"line":47,"column":5}},"3":{"start":{"line":42,"column":32},"end":{"line":42,"column":45}},"4":{"start":{"line":50,"column":27},"end":{"line":52,"column":2}},"5":{"start":{"line":50,"column":40},"end":{"line":52,"column":1}},"6":{"start":{"line":51,"column":21},"end":{"line":51,"column":44}}},"fnMap":{"0":{"name":"(anonymous_0)","decl":{"start":{"line":22,"column":30},"end":{"line":22,"column":31}},"loc":{"start":{"line":22,"column":53},"end":{"line":48,"column":1}},"line":22},"1":{"name":"(anonymous_1)","decl":{"start":{"line":42,"column":26},"end":{"line":42,"column":27}},"loc":{"start":{"line":42,"column":32},"end":{"line":42,"column":45}},"line":42},"2":{"name":"(anonymous_2)","decl":{"start":{"line":50,"column":27},"end":{"line":50,"column":28}},"loc":{"start":{"line":50,"column":40},"end":{"line":52,"column":1}},"line":50},"3":{"name":"(anonymous_3)","decl":{"start":{"line":51,"column":13},"end":{"line":51,"column":14}},"loc":{"start":{"line":51,"column":21},"end":{"line":51,"column":44}},"line":51}},"branchMap":{},"s":{"0":5,"1":5,"2":5,"3":1,"4":5,"5":0,"6":0},"f":{"0":5,"1":1,"2":0,"3":0},"b":{},"_coverageSchema":"43e27e138ebf9cfc5966b082cf9a028302ed4184","hash":"50182fe13e76e4543a46d1ec18a4bc363e546929"}
,"/Users/reba/Code/react-course/harrys-hoods/client/src/components/collection-item/collection-item.styles.jsx": {"path":"/Users/reba/Code/react-course/harrys-hoods/client/src/components/collection-item/collection-item.styles.jsx","statementMap":{"0":{"start":{"line":4,"column":39},"end":{"line":36,"column":1}},"1":{"start":{"line":38,"column":25},"end":{"line":51,"column":1}},"2":{"start":{"line":53,"column":31},"end":{"line":60,"column":1}},"3":{"start":{"line":54,"column":40},"end":{"line":54,"column":58}},"4":{"start":{"line":62,"column":41},"end":{"line":68,"column":1}},"5":{"start":{"line":70,"column":29},"end":{"line":73,"column":1}},"6":{"start":{"line":75,"column":30},"end":{"line":78,"column":1}},"7":{"start":{"line":81,"column":0},"end":{"line":81,"column":64}},"8":{"start":{"line":82,"column":0},"end":{"line":82,"column":36}},"9":{"start":{"line":83,"column":0},"end":{"line":83,"column":48}},"10":{"start":{"line":84,"column":0},"end":{"line":84,"column":68}},"11":{"start":{"line":85,"column":0},"end":{"line":85,"column":44}},"12":{"start":{"line":86,"column":0},"end":{"line":86,"column":46}}},"fnMap":{"0":{"name":"(anonymous_0)","decl":{"start":{"line":54,"column":22},"end":{"line":54,"column":23}},"loc":{"start":{"line":54,"column":40},"end":{"line":54,"column":58}},"line":54}},"branchMap":{},"s":{"0":5,"1":5,"2":5,"3":0,"4":5,"5":5,"6":5,"7":5,"8":5,"9":5,"10":5,"11":5,"12":5},"f":{"0":0},"b":{},"_coverageSchema":"43e27e138ebf9cfc5966b082cf9a028302ed4184","hash":"f6dee009bf3dadf0e0ccd3be5511aa37613a4eec"}
,"/Users/reba/Code/react-course/harrys-hoods/client/src/components/collection-preview/collection-preview.component.jsx": {"path":"/Users/reba/Code/react-course/harrys-hoods/client/src/components/collection-preview/collection-preview.component.jsx","statementMap":{"0":{"start":{"line":19,"column":33},"end":{"line":37,"column":1}},"1":{"start":{"line":20,"column":4},"end":{"line":36,"column":33}},"2":{"start":{"line":22,"column":39},"end":{"line":22,"column":85}},"3":{"start":{"line":30,"column":45},"end":{"line":30,"column":54}},"4":{"start":{"line":32,"column":24},"end":{"line":32,"column":72}}},"fnMap":{"0":{"name":"(anonymous_0)","decl":{"start":{"line":19,"column":33},"end":{"line":19,"column":34}},"loc":{"start":{"line":20,"column":4},"end":{"line":36,"column":33}},"line":20},"1":{"name":"(anonymous_1)","decl":{"start":{"line":22,"column":33},"end":{"line":22,"column":34}},"loc":{"start":{"line":22,"column":39},"end":{"line":22,"column":85}},"line":22},"2":{"name":"(anonymous_2)","decl":{"start":{"line":30,"column":28},"end":{"line":30,"column":29}},"loc":{"start":{"line":30,"column":45},"end":{"line":30,"column":54}},"line":30},"3":{"name":"(anonymous_3)","decl":{"start":{"line":31,"column":25},"end":{"line":31,"column":26}},"loc":{"start":{"line":32,"column":24},"end":{"line":32,"column":72}},"line":32}},"branchMap":{},"s":{"0":3,"1":2,"2":1,"3":0,"4":0},"f":{"0":2,"1":1,"2":0,"3":0},"b":{},"_coverageSchema":"43e27e138ebf9cfc5966b082cf9a028302ed4184","hash":"0e682bad20811d4f4c9b8b8d0094894e1d531694"}
,"/Users/reba/Code/react-course/harrys-hoods/client/src/components/collection-preview/collection-preview.styles.jsx": {"path":"/Users/reba/Code/react-course/harrys-hoods/client/src/components/collection-preview/collection-preview.styles.jsx","statementMap":{"0":{"start":{"line":3,"column":42},"end":{"line":11,"column":1}},"1":{"start":{"line":13,"column":30},"end":{"line":21,"column":1}},"2":{"start":{"line":23,"column":32},"end":{"line":32,"column":1}},"3":{"start":{"line":35,"column":0},"end":{"line":35,"column":70}},"4":{"start":{"line":36,"column":0},"end":{"line":36,"column":46}},"5":{"start":{"line":37,"column":0},"end":{"line":37,"column":50}}},"fnMap":{},"branchMap":{},"s":{"0":3,"1":3,"2":3,"3":3,"4":3,"5":3},"f":{},"b":{},"_coverageSchema":"43e27e138ebf9cfc5966b082cf9a028302ed4184","hash":"049caad2482d94b80052a3e61803808b862a2920"}
,"/Users/reba/Code/react-course/harrys-hoods/client/src/components/collections-overview/collections-overview.component.jsx": {"path":"/Users/reba/Code/react-course/harrys-hoods/client/src/components/collections-overview/collections-overview.component.jsx","statementMap":{"0":{"start":{"line":19,"column":35},"end":{"line":27,"column":1}},"1":{"start":{"line":20,"column":4},"end":{"line":26,"column":35}},"2":{"start":{"line":23,"column":16},"end":{"line":23,"column":72}},"3":{"start":{"line":29,"column":24},"end":{"line":31,"column":2}}},"fnMap":{"0":{"name":"(anonymous_0)","decl":{"start":{"line":19,"column":35},"end":{"line":19,"column":36}},"loc":{"start":{"line":20,"column":4},"end":{"line":26,"column":35}},"line":20},"1":{"name":"(anonymous_1)","decl":{"start":{"line":22,"column":28},"end":{"line":22,"column":29}},"loc":{"start":{"line":23,"column":16},"end":{"line":23,"column":72}},"line":23}},"branchMap":{},"s":{"0":2,"1":1,"2":0,"3":2},"f":{"0":1,"1":0},"b":{},"_coverageSchema":"43e27e138ebf9cfc5966b082cf9a028302ed4184","hash":"0ee6bf4a31feaa3e1e2b29bed2a386f1b2f9ebc2"}
,"/Users/reba/Code/react-course/harrys-hoods/client/src/components/collections-overview/collections-overview.container.jsx": {"path":"/Users/reba/Code/react-course/harrys-hoods/client/src/components/collections-overview/collections-overview.container.jsx","statementMap":{"0":{"start":{"line":12,"column":24},"end":{"line":14,"column":2}},"1":{"start":{"line":16,"column":37},"end":{"line":19,"column":22}}},"fnMap":{},"branchMap":{},"s":{"0":1,"1":1},"f":{},"b":{},"_coverageSchema":"43e27e138ebf9cfc5966b082cf9a028302ed4184","hash":"3e1a69729f4ea16b9180ad1a1e9fccd2c75187f5"}
,"/Users/reba/Code/react-course/harrys-hoods/client/src/components/collections-overview/collections-overview.styles.jsx": {"path":"/Users/reba/Code/react-course/harrys-hoods/client/src/components/collections-overview/collections-overview.styles.jsx","statementMap":{"0":{"start":{"line":3,"column":44},"end":{"line":6,"column":1}},"1":{"start":{"line":9,"column":0},"end":{"line":9,"column":74}}},"fnMap":{},"branchMap":{},"s":{"0":2,"1":2},"f":{},"b":{},"_coverageSchema":"43e27e138ebf9cfc5966b082cf9a028302ed4184","hash":"16f49f4d6ae6e36262f9c8aad23f46df7822bdf6"}
,"/Users/reba/Code/react-course/harrys-hoods/client/src/components/custom-button/custom-button.component.jsx": {"path":"/Users/reba/Code/react-course/harrys-hoods/client/src/components/custom-button/custom-button.component.jsx","statementMap":{"0":{"start":{"line":11,"column":28},"end":{"line":15,"column":1}},"1":{"start":{"line":12,"column":4},"end":{"line":14,"column":28}}},"fnMap":{"0":{"name":"(anonymous_0)","decl":{"start":{"line":11,"column":28},"end":{"line":11,"column":29}},"loc":{"start":{"line":12,"column":4},"end":{"line":14,"column":28}},"line":12}},"branchMap":{},"s":{"0":9,"1":1},"f":{"0":1},"b":{},"_coverageSchema":"43e27e138ebf9cfc5966b082cf9a028302ed4184","hash":"722df48effbde6511312480f460f7afc812aa8dc"}
,"/Users/reba/Code/react-course/harrys-hoods/client/src/components/custom-button/custom-button.styles.jsx": {"path":"/Users/reba/Code/react-course/harrys-hoods/client/src/components/custom-button/custom-button.styles.jsx","statementMap":{"0":{"start":{"line":3,"column":21},"end":{"line":13,"column":1}},"1":{"start":{"line":15,"column":29},"end":{"line":25,"column":1}},"2":{"start":{"line":27,"column":27},"end":{"line":35,"column":1}},"3":{"start":{"line":37,"column":24},"end":{"line":43,"column":1}},"4":{"start":{"line":38,"column":4},"end":{"line":40,"column":5}},"5":{"start":{"line":39,"column":8},"end":{"line":39,"column":34}},"6":{"start":{"line":42,"column":4},"end":{"line":42,"column":64}},"7":{"start":{"line":45,"column":37},"end":{"line":61,"column":1}}},"fnMap":{"0":{"name":"(anonymous_0)","decl":{"start":{"line":37,"column":24},"end":{"line":37,"column":25}},"loc":{"start":{"line":37,"column":33},"end":{"line":43,"column":1}},"line":37}},"branchMap":{"0":{"loc":{"start":{"line":38,"column":4},"end":{"line":40,"column":5}},"type":"if","locations":[{"start":{"line":38,"column":4},"end":{"line":40,"column":5}},{"start":{"line":38,"column":4},"end":{"line":40,"column":5}}],"line":38},"1":{"loc":{"start":{"line":42,"column":11},"end":{"line":42,"column":63}},"type":"cond-expr","locations":[{"start":{"line":42,"column":28},"end":{"line":42,"column":48}},{"start":{"line":42,"column":51},"end":{"line":42,"column":63}}],"line":42}},"s":{"0":9,"1":9,"2":9,"3":9,"4":0,"5":0,"6":0,"7":9},"f":{"0":0},"b":{"0":[0,0],"1":[0,0]},"_coverageSchema":"43e27e138ebf9cfc5966b082cf9a028302ed4184","hash":"21976dfbe98d57084ab59cb7c1203d2c4457d7c4"}
,"/Users/reba/Code/react-course/harrys-hoods/client/src/components/directory/directory.component.jsx": {"path":"/Users/reba/Code/react-course/harrys-hoods/client/src/components/directory/directory.component.jsx","statementMap":{"0":{"start":{"line":17,"column":25},"end":{"line":25,"column":1}},"1":{"start":{"line":18,"column":4},"end":{"line":24,"column":29}},"2":{"start":{"line":21,"column":16},"end":{"line":21,"column":60}},"3":{"start":{"line":27,"column":24},"end":{"line":29,"column":2}}},"fnMap":{"0":{"name":"(anonymous_0)","decl":{"start":{"line":17,"column":25},"end":{"line":17,"column":26}},"loc":{"start":{"line":18,"column":4},"end":{"line":24,"column":29}},"line":18},"1":{"name":"(anonymous_1)","decl":{"start":{"line":20,"column":25},"end":{"line":20,"column":26}},"loc":{"start":{"line":21,"column":16},"end":{"line":21,"column":60}},"line":21}},"branchMap":{},"s":{"0":2,"1":1,"2":0,"3":2},"f":{"0":1,"1":0},"b":{},"_coverageSchema":"43e27e138ebf9cfc5966b082cf9a028302ed4184","hash":"1f1dd90e5f8cb530bc24c6e43386f2bdcf3dcee6"}
,"/Users/reba/Code/react-course/harrys-hoods/client/src/components/directory/directory.styles.jsx": {"path":"/Users/reba/Code/react-course/harrys-hoods/client/src/components/directory/directory.styles.jsx","statementMap":{"0":{"start":{"line":3,"column":38},"end":{"line":8,"column":1}},"1":{"start":{"line":11,"column":0},"end":{"line":11,"column":62}}},"fnMap":{},"branchMap":{},"s":{"0":2,"1":2},"f":{},"b":{},"_coverageSchema":"43e27e138ebf9cfc5966b082cf9a028302ed4184","hash":"50cfa927c3728ada47b0fc206789c0f9ec9ebabb"}
,"/Users/reba/Code/react-course/harrys-hoods/client/src/components/error-boundary/error-boundary.component.jsx": {"path":"/Users/reba/Code/react-course/harrys-hoods/client/src/components/error-boundary/error-boundary.component.jsx","statementMap":{"0":{"start":{"line":16,"column":8},"end":{"line":16,"column":16}},"1":{"start":{"line":18,"column":8},"end":{"line":20,"column":10}},"2":{"start":{"line":25,"column":8},"end":{"line":25,"column":36}},"3":{"start":{"line":29,"column":8},"end":{"line":29,"column":50}},"4":{"start":{"line":33,"column":8},"end":{"line":43,"column":9}},"5":{"start":{"line":34,"column":12},"end":{"line":42,"column":14}},"6":{"start":{"line":45,"column":8},"end":{"line":45,"column":35}}},"fnMap":{"0":{"name":"(anonymous_0)","decl":{"start":{"line":15,"column":4},"end":{"line":15,"column":5}},"loc":{"start":{"line":15,"column":18},"end":{"line":21,"column":5}},"line":15},"1":{"name":"(anonymous_1)","decl":{"start":{"line":23,"column":4},"end":{"line":23,"column":5}},"loc":{"start":{"line":23,"column":43},"end":{"line":26,"column":5}},"line":23},"2":{"name":"(anonymous_2)","decl":{"start":{"line":28,"column":4},"end":{"line":28,"column":5}},"loc":{"start":{"line":28,"column":35},"end":{"line":30,"column":5}},"line":28},"3":{"name":"(anonymous_3)","decl":{"start":{"line":32,"column":4},"end":{"line":32,"column":5}},"loc":{"start":{"line":32,"column":13},"end":{"line":46,"column":5}},"line":32}},"branchMap":{"0":{"loc":{"start":{"line":33,"column":8},"end":{"line":43,"column":9}},"type":"if","locations":[{"start":{"line":33,"column":8},"end":{"line":43,"column":9}},{"start":{"line":33,"column":8},"end":{"line":43,"column":9}}],"line":33}},"s":{"0":0,"1":0,"2":0,"3":0,"4":0,"5":0,"6":0},"f":{"0":0,"1":0,"2":0,"3":0},"b":{"0":[0,0]},"hash":"71e64d749f264ed6e27902a4df721234c1b543f9"}
,"/Users/reba/Code/react-course/harrys-hoods/client/src/components/error-boundary/error-boundary.styles.jsx": {"path":"/Users/reba/Code/react-course/harrys-hoods/client/src/components/error-boundary/error-boundary.styles.jsx","statementMap":{"0":{"start":{"line":3,"column":18},"end":{"line":3,"column":27}},"1":{"start":{"line":5,"column":33},"end":{"line":13,"column":1}},"2":{"start":{"line":15,"column":35},"end":{"line":22,"column":1}},"3":{"start":{"line":16,"column":40},"end":{"line":16,"column":58}},"4":{"start":{"line":24,"column":30},"end":{"line":28,"column":1}},"5":{"start":{"line":30,"column":33},"end":{"line":33,"column":1}}},"fnMap":{"0":{"name":"(anonymous_0)","decl":{"start":{"line":16,"column":22},"end":{"line":16,"column":23}},"loc":{"start":{"line":16,"column":40},"end":{"line":16,"column":58}},"line":16}},"branchMap":{},"s":{"0":0,"1":0,"2":0,"3":0,"4":0,"5":0},"f":{"0":0},"b":{},"hash":"db3af6893dfd74b1571d3ddb0fe526298d34c00e"}
,"/Users/reba/Code/react-course/harrys-hoods/client/src/components/footer/footer.component.jsx": {"path":"/Users/reba/Code/react-course/harrys-hoods/client/src/components/footer/footer.component.jsx","statementMap":{"0":{"start":{"line":6,"column":15},"end":{"line":11,"column":1}},"1":{"start":{"line":7,"column":4},"end":{"line":10,"column":22}}},"fnMap":{"0":{"name":"(anonymous_0)","decl":{"start":{"line":6,"column":15},"end":{"line":6,"column":16}},"loc":{"start":{"line":7,"column":4},"end":{"line":10,"column":22}},"line":7}},"branchMap":{},"s":{"0":1,"1":1},"f":{"0":1},"b":{},"_coverageSchema":"43e27e138ebf9cfc5966b082cf9a028302ed4184","hash":"572ac5db6b8343b8528842dd18b344d6f67e8d95"}
,"/Users/reba/Code/react-course/harrys-hoods/client/src/components/footer/footer.styles.jsx": {"path":"/Users/reba/Code/react-course/harrys-hoods/client/src/components/footer/footer.styles.jsx","statementMap":{"0":{"start":{"line":3,"column":31},"end":{"line":14,"column":1}},"1":{"start":{"line":16,"column":24},"end":{"line":18,"column":1}}},"fnMap":{},"branchMap":{},"s":{"0":1,"1":1},"f":{},"b":{},"_coverageSchema":"43e27e138ebf9cfc5966b082cf9a028302ed4184","hash":"9ddfd4be605eb4bcd9effbe2b7b8a3e8f905a7aa"}
,"/Users/reba/Code/react-course/harrys-hoods/client/src/components/form-input/form-input.component.jsx": {"path":"/Users/reba/Code/react-course/harrys-hoods/client/src/components/form-input/form-input.component.jsx","statementMap":{"0":{"start":{"line":16,"column":18},"end":{"line":32,"column":1}},"1":{"start":{"line":17,"column":4},"end":{"line":31,"column":21}}},"fnMap":{"0":{"name":"(anonymous_0)","decl":{"start":{"line":16,"column":18},"end":{"line":16,"column":19}},"loc":{"start":{"line":17,"column":4},"end":{"line":31,"column":21}},"line":17}},"branchMap":{"0":{"loc":{"start":{"line":23,"column":12},"end":{"line":29,"column":22}},"type":"cond-expr","locations":[{"start":{"line":25,"column":20},"end":{"line":27,"column":37}},{"start":{"line":29,"column":18},"end":{"line":29,"column":22}}],"line":23},"1":{"loc":{"start":{"line":25,"column":48},"end":{"line":25,"column":87}},"type":"cond-expr","locations":[{"start":{"line":25,"column":74},"end":{"line":25,"column":82}},{"start":{"line":25,"column":85},"end":{"line":25,"column":87}}],"line":25}},"s":{"0":2,"1":5},"f":{"0":5},"b":{"0":[4,1],"1":[4,0]},"_coverageSchema":"43e27e138ebf9cfc5966b082cf9a028302ed4184","hash":"e3c8ea26a800d2e7657fcfda3f9f9d4298ba76e3"}
,"/Users/reba/Code/react-course/harrys-hoods/client/src/components/form-input/form-input.styles.jsx": {"path":"/Users/reba/Code/react-course/harrys-hoods/client/src/components/form-input/form-input.styles.jsx","statementMap":{"0":{"start":{"line":3,"column":17},"end":{"line":3,"column":23}},"1":{"start":{"line":4,"column":18},"end":{"line":4,"column":25}},"2":{"start":{"line":6,"column":26},"end":{"line":10,"column":1}},"3":{"start":{"line":12,"column":34},"end":{"line":32,"column":1}},"4":{"start":{"line":34,"column":30},"end":{"line":47,"column":1}},"5":{"start":{"line":49,"column":30},"end":{"line":56,"column":1}},"6":{"start":{"line":59,"column":0},"end":{"line":59,"column":54}},"7":{"start":{"line":60,"column":0},"end":{"line":60,"column":46}},"8":{"start":{"line":61,"column":0},"end":{"line":61,"column":46}}},"fnMap":{},"branchMap":{},"s":{"0":2,"1":2,"2":2,"3":2,"4":2,"5":2,"6":2,"7":2,"8":2},"f":{},"b":{},"_coverageSchema":"43e27e138ebf9cfc5966b082cf9a028302ed4184","hash":"96e3e880d291b82ec588c3ac03cd6147881cedd5"}
,"/Users/reba/Code/react-course/harrys-hoods/client/src/components/header/header.component.jsx": {"path":"/Users/reba/Code/react-course/harrys-hoods/client/src/components/header/header.component.jsx","statementMap":{"0":{"start":{"line":29,"column":22},"end":{"line":55,"column":1}},"1":{"start":{"line":30,"column":4},"end":{"line":54,"column":22}},"2":{"start":{"line":57,"column":27},"end":{"line":59,"column":2}},"3":{"start":{"line":57,"column":40},"end":{"line":59,"column":1}},"4":{"start":{"line":58,"column":24},"end":{"line":58,"column":48}},"5":{"start":{"line":61,"column":24},"end":{"line":64,"column":2}}},"fnMap":{"0":{"name":"(anonymous_0)","decl":{"start":{"line":29,"column":22},"end":{"line":29,"column":23}},"loc":{"start":{"line":30,"column":4},"end":{"line":54,"column":22}},"line":30},"1":{"name":"(anonymous_1)","decl":{"start":{"line":57,"column":27},"end":{"line":57,"column":28}},"loc":{"start":{"line":57,"column":40},"end":{"line":59,"column":1}},"line":57},"2":{"name":"(anonymous_2)","decl":{"start":{"line":58,"column":18},"end":{"line":58,"column":19}},"loc":{"start":{"line":58,"column":24},"end":{"line":58,"column":48}},"line":58}},"branchMap":{"0":{"loc":{"start":{"line":43,"column":16},"end":{"line":45,"column":77}},"type":"cond-expr","locations":[{"start":{"line":44,"column":22},"end":{"line":44,"column":78}},{"start":{"line":45,"column":22},"end":{"line":45,"column":77}}],"line":43},"1":{"loc":{"start":{"line":53,"column":10},"end":{"line":53,"column":42}},"type":"cond-expr","locations":[{"start":{"line":53,"column":19},"end":{"line":53,"column":23}},{"start":{"line":53,"column":26},"end":{"line":53,"column":42}}],"line":53}},"s":{"0":1,"1":8,"2":1,"3":0,"4":0,"5":1},"f":{"0":8,"1":0,"2":0},"b":{"0":[6,2],"1":[7,1]},"_coverageSchema":"43e27e138ebf9cfc5966b082cf9a028302ed4184","hash":"afabb8fa5b8a63b7d91da22b55d7df3067d37645"}
,"/Users/reba/Code/react-course/harrys-hoods/client/src/components/header/header.styles.jsx": {"path":"/Users/reba/Code/react-course/harrys-hoods/client/src/components/header/header.styles.jsx","statementMap":{"0":{"start":{"line":4,"column":31},"end":{"line":16,"column":1}},"1":{"start":{"line":18,"column":29},"end":{"line":27,"column":1}},"2":{"start":{"line":29,"column":32},"end":{"line":39,"column":1}},"3":{"start":{"line":41,"column":25},"end":{"line":44,"column":1}},"4":{"start":{"line":47,"column":0},"end":{"line":47,"column":48}},"5":{"start":{"line":48,"column":0},"end":{"line":48,"column":44}},"6":{"start":{"line":49,"column":0},"end":{"line":49,"column":50}},"7":{"start":{"line":50,"column":0},"end":{"line":50,"column":36}}},"fnMap":{},"branchMap":{},"s":{"0":1,"1":1,"2":1,"3":1,"4":1,"5":1,"6":1,"7":1},"f":{},"b":{},"_coverageSchema":"43e27e138ebf9cfc5966b082cf9a028302ed4184","hash":"10b1c87f089cef39d809978a61f0031b77059160"}
,"/Users/reba/Code/react-course/harrys-hoods/client/src/components/menu-item/menu-item.component.jsx": {"path":"/Users/reba/Code/react-course/harrys-hoods/client/src/components/menu-item/menu-item.component.jsx","statementMap":{"0":{"start":{"line":23,"column":24},"end":{"line":40,"column":1}},"1":{"start":{"line":24,"column":4},"end":{"line":39,"column":24}},"2":{"start":{"line":26,"column":23},"end":{"line":26,"column":65}}},"fnMap":{"0":{"name":"(anonymous_0)","decl":{"start":{"line":23,"column":24},"end":{"line":23,"column":25}},"loc":{"start":{"line":24,"column":4},"end":{"line":39,"column":24}},"line":24},"1":{"name":"(anonymous_1)","decl":{"start":{"line":26,"column":17},"end":{"line":26,"column":18}},"loc":{"start":{"line":26,"column":23},"end":{"line":26,"column":65}},"line":26}},"branchMap":{},"s":{"0":3,"1":4,"2":1},"f":{"0":4,"1":1},"b":{},"_coverageSchema":"43e27e138ebf9cfc5966b082cf9a028302ed4184","hash":"46026884b76c9e5a8937ea3ab434fe41f4a19cad"}
,"/Users/reba/Code/react-course/harrys-hoods/client/src/components/menu-item/menu-item.styles.jsx": {"path":"/Users/reba/Code/react-course/harrys-hoods/client/src/components/menu-item/menu-item.styles.jsx","statementMap":{"0":{"start":{"line":3,"column":33},"end":{"line":42,"column":1}},"1":{"start":{"line":8,"column":29},"end":{"line":8,"column":53}},"2":{"start":{"line":44,"column":40},"end":{"line":50,"column":1}},"3":{"start":{"line":45,"column":42},"end":{"line":45,"column":60}},"4":{"start":{"line":52,"column":32},"end":{"line":63,"column":1}},"5":{"start":{"line":65,"column":28},"end":{"line":70,"column":1}},"6":{"start":{"line":72,"column":31},"end":{"line":75,"column":1}},"7":{"start":{"line":78,"column":0},"end":{"line":78,"column":52}},"8":{"start":{"line":79,"column":0},"end":{"line":79,"column":66}},"9":{"start":{"line":80,"column":0},"end":{"line":80,"column":50}},"10":{"start":{"line":81,"column":0},"end":{"line":81,"column":42}},"11":{"start":{"line":82,"column":0},"end":{"line":82,"column":48}}},"fnMap":{"0":{"name":"(anonymous_0)","decl":{"start":{"line":8,"column":14},"end":{"line":8,"column":15}},"loc":{"start":{"line":8,"column":29},"end":{"line":8,"column":53}},"line":8},"1":{"name":"(anonymous_1)","decl":{"start":{"line":45,"column":24},"end":{"line":45,"column":25}},"loc":{"start":{"line":45,"column":42},"end":{"line":45,"column":60}},"line":45}},"branchMap":{"0":{"loc":{"start":{"line":8,"column":29},"end":{"line":8,"column":53}},"type":"cond-expr","locations":[{"start":{"line":8,"column":36},"end":{"line":8,"column":43}},{"start":{"line":8,"column":46},"end":{"line":8,"column":53}}],"line":8}},"s":{"0":3,"1":0,"2":3,"3":0,"4":3,"5":3,"6":3,"7":3,"8":3,"9":3,"10":3,"11":3},"f":{"0":0,"1":0},"b":{"0":[0,0]},"_coverageSchema":"43e27e138ebf9cfc5966b082cf9a028302ed4184","hash":"9f864f422ca8767af50b6505f63dd0e8d724ff29"}
,"/Users/reba/Code/react-course/harrys-hoods/client/src/components/sign-in/sign-in.component.jsx": {"path":"/Users/reba/Code/react-course/harrys-hoods/client/src/components/sign-in/sign-in.component.jsx","statementMap":{"0":{"start":{"line":21,"column":15},"end":{"line":85,"column":1}},"1":{"start":{"line":22,"column":46},"end":{"line":22,"column":83}},"2":{"start":{"line":23,"column":32},"end":{"line":23,"column":47}},"3":{"start":{"line":29,"column":25},"end":{"line":33,"column":5}},"4":{"start":{"line":30,"column":32},"end":{"line":30,"column":44}},"5":{"start":{"line":32,"column":8},"end":{"line":32,"column":62}},"6":{"start":{"line":39,"column":25},"end":{"line":43,"column":5}},"7":{"start":{"line":40,"column":8},"end":{"line":40,"column":31}},"8":{"start":{"line":42,"column":8},"end":{"line":42,"column":42}},"9":{"start":{"line":45,"column":4},"end":{"line":84,"column":6}},"10":{"start":{"line":87,"column":27},"end":{"line":90,"column":2}},"11":{"start":{"line":87,"column":40},"end":{"line":90,"column":1}},"12":{"start":{"line":88,"column":43},"end":{"line":88,"column":90}},"13":{"start":{"line":89,"column":29},"end":{"line":89,"column":58}}},"fnMap":{"0":{"name":"(anonymous_0)","decl":{"start":{"line":21,"column":15},"end":{"line":21,"column":16}},"loc":{"start":{"line":21,"column":60},"end":{"line":85,"column":1}},"line":21},"1":{"name":"(anonymous_1)","decl":{"start":{"line":29,"column":25},"end":{"line":29,"column":26}},"loc":{"start":{"line":29,"column":34},"end":{"line":33,"column":5}},"line":29},"2":{"name":"(anonymous_2)","decl":{"start":{"line":39,"column":25},"end":{"line":39,"column":26}},"loc":{"start":{"line":39,"column":40},"end":{"line":43,"column":5}},"line":39},"3":{"name":"(anonymous_3)","decl":{"start":{"line":87,"column":27},"end":{"line":87,"column":28}},"loc":{"start":{"line":87,"column":40},"end":{"line":90,"column":1}},"line":87},"4":{"name":"(anonymous_4)","decl":{"start":{"line":88,"column":22},"end":{"line":88,"column":23}},"loc":{"start":{"line":88,"column":43},"end":{"line":88,"column":90}},"line":88},"5":{"name":"(anonymous_5)","decl":{"start":{"line":89,"column":23},"end":{"line":89,"column":24}},"loc":{"start":{"line":89,"column":29},"end":{"line":89,"column":58}},"line":89}},"branchMap":{},"s":{"0":1,"1":0,"2":0,"3":0,"4":0,"5":0,"6":0,"7":0,"8":0,"9":0,"10":1,"11":0,"12":0,"13":0},"f":{"0":0,"1":0,"2":0,"3":0,"4":0,"5":0},"b":{},"_coverageSchema":"43e27e138ebf9cfc5966b082cf9a028302ed4184","hash":"9e980500d95eabbeab50cb63583547d4ca855009"}
,"/Users/reba/Code/react-course/harrys-hoods/client/src/components/sign-in/sign-in.styles.jsx": {"path":"/Users/reba/Code/react-course/harrys-hoods/client/src/components/sign-in/sign-in.styles.jsx","statementMap":{"0":{"start":{"line":3,"column":34},"end":{"line":6,"column":1}},"1":{"start":{"line":8,"column":31},"end":{"line":12,"column":1}},"2":{"start":{"line":14,"column":27},"end":{"line":16,"column":1}},"3":{"start":{"line":19,"column":0},"end":{"line":19,"column":53}},"4":{"start":{"line":20,"column":0},"end":{"line":20,"column":47}},"5":{"start":{"line":21,"column":0},"end":{"line":21,"column":39}}},"fnMap":{},"branchMap":{},"s":{"0":1,"1":1,"2":1,"3":1,"4":1,"5":1},"f":{},"b":{},"_coverageSchema":"43e27e138ebf9cfc5966b082cf9a028302ed4184","hash":"c882653135b69041afec4e3145188d63dc777a8a"}
,"/Users/reba/Code/react-course/harrys-hoods/client/src/components/sign-up/sign-up.component.jsx": {"path":"/Users/reba/Code/react-course/harrys-hoods/client/src/components/sign-up/sign-up.component.jsx","statementMap":{"0":{"start":{"line":17,"column":15},"end":{"line":102,"column":1}},"1":{"start":{"line":18,"column":50},"end":{"line":23,"column":6}},"2":{"start":{"line":24,"column":62},"end":{"line":24,"column":77}},"3":{"start":{"line":30,"column":25},"end":{"line":34,"column":5}},"4":{"start":{"line":31,"column":32},"end":{"line":31,"column":44}},"5":{"start":{"line":33,"column":8},"end":{"line":33,"column":66}},"6":{"start":{"line":40,"column":25},"end":{"line":49,"column":5}},"7":{"start":{"line":41,"column":8},"end":{"line":41,"column":31}},"8":{"start":{"line":43,"column":8},"end":{"line":46,"column":9}},"9":{"start":{"line":44,"column":12},"end":{"line":44,"column":43}},"10":{"start":{"line":45,"column":12},"end":{"line":45,"column":19}},"11":{"start":{"line":48,"column":8},"end":{"line":48,"column":54}},"12":{"start":{"line":51,"column":4},"end":{"line":101,"column":6}},"13":{"start":{"line":104,"column":27},"end":{"line":106,"column":2}},"14":{"start":{"line":104,"column":40},"end":{"line":106,"column":1}},"15":{"start":{"line":105,"column":36},"end":{"line":105,"column":74}}},"fnMap":{"0":{"name":"(anonymous_0)","decl":{"start":{"line":17,"column":15},"end":{"line":17,"column":16}},"loc":{"start":{"line":17,"column":36},"end":{"line":102,"column":1}},"line":17},"1":{"name":"(anonymous_1)","decl":{"start":{"line":30,"column":25},"end":{"line":30,"column":26}},"loc":{"start":{"line":30,"column":34},"end":{"line":34,"column":5}},"line":30},"2":{"name":"(anonymous_2)","decl":{"start":{"line":40,"column":25},"end":{"line":40,"column":26}},"loc":{"start":{"line":40,"column":40},"end":{"line":49,"column":5}},"line":40},"3":{"name":"(anonymous_3)","decl":{"start":{"line":104,"column":27},"end":{"line":104,"column":28}},"loc":{"start":{"line":104,"column":40},"end":{"line":106,"column":1}},"line":104},"4":{"name":"(anonymous_4)","decl":{"start":{"line":105,"column":17},"end":{"line":105,"column":18}},"loc":{"start":{"line":105,"column":36},"end":{"line":105,"column":74}},"line":105}},"branchMap":{"0":{"loc":{"start":{"line":43,"column":8},"end":{"line":46,"column":9}},"type":"if","locations":[{"start":{"line":43,"column":8},"end":{"line":46,"column":9}},{"start":{"line":43,"column":8},"end":{"line":46,"column":9}}],"line":43}},"s":{"0":1,"1":0,"2":0,"3":0,"4":0,"5":0,"6":0,"7":0,"8":0,"9":0,"10":0,"11":0,"12":0,"13":1,"14":0,"15":0},"f":{"0":0,"1":0,"2":0,"3":0,"4":0},"b":{"0":[0,0]},"_coverageSchema":"43e27e138ebf9cfc5966b082cf9a028302ed4184","hash":"7f4e29a215e764a702124c8622b7060574b300ef"}
,"/Users/reba/Code/react-course/harrys-hoods/client/src/components/sign-up/sign-up.styles.jsx": {"path":"/Users/reba/Code/react-course/harrys-hoods/client/src/components/sign-up/sign-up.styles.jsx","statementMap":{"0":{"start":{"line":3,"column":31},"end":{"line":7,"column":1}},"1":{"start":{"line":9,"column":27},"end":{"line":11,"column":1}},"2":{"start":{"line":14,"column":0},"end":{"line":14,"column":48}},"3":{"start":{"line":15,"column":0},"end":{"line":15,"column":40}}},"fnMap":{},"branchMap":{},"s":{"0":1,"1":1,"2":1,"3":1},"f":{},"b":{},"_coverageSchema":"43e27e138ebf9cfc5966b082cf9a028302ed4184","hash":"b9a4ac01e8dbe5c189c167b0faca6454f62f455b"}
,"/Users/reba/Code/react-course/harrys-hoods/client/src/components/spinner/spinner.component.jsx": {"path":"/Users/reba/Code/react-course/harrys-hoods/client/src/components/spinner/spinner.component.jsx","statementMap":{"0":{"start":{"line":9,"column":16},"end":{"line":13,"column":1}},"1":{"start":{"line":10,"column":4},"end":{"line":12,"column":21}}},"fnMap":{"0":{"name":"(anonymous_0)","decl":{"start":{"line":9,"column":16},"end":{"line":9,"column":17}},"loc":{"start":{"line":10,"column":4},"end":{"line":12,"column":21}},"line":10}},"branchMap":{},"s":{"0":2,"1":2},"f":{"0":2},"b":{},"_coverageSchema":"43e27e138ebf9cfc5966b082cf9a028302ed4184","hash":"f5ef9858ea30717d9c5215e23d5b1660aa514c0b"}
,"/Users/reba/Code/react-course/harrys-hoods/client/src/components/spinner/spinner.styles.jsx": {"path":"/Users/reba/Code/react-course/harrys-hoods/client/src/components/spinner/spinner.styles.jsx","statementMap":{"0":{"start":{"line":3,"column":30},"end":{"line":9,"column":1}},"1":{"start":{"line":11,"column":32},"end":{"line":30,"column":1}},"2":{"start":{"line":33,"column":0},"end":{"line":33,"column":46}},"3":{"start":{"line":34,"column":0},"end":{"line":34,"column":50}}},"fnMap":{},"branchMap":{},"s":{"0":2,"1":2,"2":2,"3":2},"f":{},"b":{},"_coverageSchema":"43e27e138ebf9cfc5966b082cf9a028302ed4184","hash":"093e78895905f12d29e25690047403b4b25d143d"}
,"/Users/reba/Code/react-course/harrys-hoods/client/src/components/stripe-button/stripe-button.component.jsx": {"path":"/Users/reba/Code/react-course/harrys-hoods/client/src/components/stripe-button/stripe-button.component.jsx","statementMap":{"0":{"start":{"line":5,"column":29},"end":{"line":43,"column":1}},"1":{"start":{"line":6,"column":27},"end":{"line":6,"column":38}},"2":{"start":{"line":7,"column":27},"end":{"line":7,"column":71}},"3":{"start":{"line":9,"column":20},"end":{"line":27,"column":5}},"4":{"start":{"line":10,"column":8},"end":{"line":26,"column":11}},"5":{"start":{"line":19,"column":12},"end":{"line":19,"column":39}},"6":{"start":{"line":22,"column":12},"end":{"line":22,"column":62}},"7":{"start":{"line":23,"column":12},"end":{"line":25,"column":14}},"8":{"start":{"line":29,"column":4},"end":{"line":42,"column":6}}},"fnMap":{"0":{"name":"(anonymous_0)","decl":{"start":{"line":5,"column":29},"end":{"line":5,"column":30}},"loc":{"start":{"line":5,"column":44},"end":{"line":43,"column":1}},"line":5},"1":{"name":"(anonymous_1)","decl":{"start":{"line":9,"column":20},"end":{"line":9,"column":21}},"loc":{"start":{"line":9,"column":29},"end":{"line":27,"column":5}},"line":9},"2":{"name":"(anonymous_2)","decl":{"start":{"line":18,"column":14},"end":{"line":18,"column":15}},"loc":{"start":{"line":18,"column":26},"end":{"line":20,"column":9}},"line":18},"3":{"name":"(anonymous_3)","decl":{"start":{"line":21,"column":15},"end":{"line":21,"column":16}},"loc":{"start":{"line":21,"column":24},"end":{"line":26,"column":9}},"line":21}},"branchMap":{},"s":{"0":1,"1":0,"2":0,"3":0,"4":0,"5":0,"6":0,"7":0,"8":0},"f":{"0":0,"1":0,"2":0,"3":0},"b":{},"_coverageSchema":"43e27e138ebf9cfc5966b082cf9a028302ed4184","hash":"86f3105f50ee4bdd0f3618781e0dde3ff06d12e8"}
,"/Users/reba/Code/react-course/harrys-hoods/client/src/components/with-spinner/with-spinner.component.jsx": {"path":"/Users/reba/Code/react-course/harrys-hoods/client/src/components/with-spinner/with-spinner.component.jsx","statementMap":{"0":{"start":{"line":10,"column":20},"end":{"line":14,"column":1}},"1":{"start":{"line":10,"column":40},"end":{"line":14,"column":1}},"2":{"start":{"line":11,"column":4},"end":{"line":13,"column":48}}},"fnMap":{"0":{"name":"(anonymous_0)","decl":{"start":{"line":10,"column":20},"end":{"line":10,"column":21}},"loc":{"start":{"line":10,"column":40},"end":{"line":14,"column":1}},"line":10},"1":{"name":"(anonymous_1)","decl":{"start":{"line":10,"column":40},"end":{"line":10,"column":41}},"loc":{"start":{"line":10,"column":74},"end":{"line":14,"column":1}},"line":10}},"branchMap":{"0":{"loc":{"start":{"line":11,"column":11},"end":{"line":13,"column":48}},"type":"cond-expr","locations":[{"start":{"line":12,"column":10},"end":{"line":12,"column":21}},{"start":{"line":13,"column":10},"end":{"line":13,"column":48}}],"line":11}},"s":{"0":2,"1":3,"2":6},"f":{"0":3,"1":6},"b":{"0":[4,2]},"_coverageSchema":"43e27e138ebf9cfc5966b082cf9a028302ed4184","hash":"a04a0bf7f942b3893c192e2b80c21df769ff59f8"}
,"/Users/reba/Code/react-course/harrys-hoods/client/src/firebase/firebase.utils.js": {"path":"/Users/reba/Code/react-course/harrys-hoods/client/src/firebase/firebase.utils.js","statementMap":{"0":{"start":{"line":6,"column":15},"end":{"line":15,"column":1}},"1":{"start":{"line":25,"column":41},"end":{"line":36,"column":1}},"2":{"start":{"line":26,"column":26},"end":{"line":26,"column":61}},"3":{"start":{"line":27,"column":18},"end":{"line":27,"column":35}},"4":{"start":{"line":30,"column":4},"end":{"line":33,"column":7}},"5":{"start":{"line":31,"column":26},"end":{"line":31,"column":45}},"6":{"start":{"line":32,"column":8},"end":{"line":32,"column":37}},"7":{"start":{"line":35,"column":4},"end":{"line":35,"column":32}},"8":{"start":{"line":42,"column":47},"end":{"line":60,"column":1}},"9":{"start":{"line":43,"column":33},"end":{"line":52,"column":6}},"10":{"start":{"line":44,"column":33},"end":{"line":44,"column":51}},"11":{"start":{"line":46,"column":8},"end":{"line":51,"column":10}},"12":{"start":{"line":55,"column":4},"end":{"line":59,"column":11}},"13":{"start":{"line":56,"column":8},"end":{"line":56,"column":65}},"14":{"start":{"line":58,"column":8},"end":{"line":58,"column":27}},"15":{"start":{"line":67,"column":41},"end":{"line":98,"column":1}},"16":{"start":{"line":68,"column":4},"end":{"line":68,"column":26}},"17":{"start":{"line":68,"column":19},"end":{"line":68,"column":26}},"18":{"start":{"line":71,"column":20},"end":{"line":71,"column":58}},"19":{"start":{"line":77,"column":21},"end":{"line":77,"column":40}},"20":{"start":{"line":80,"column":4},"end":{"line":95,"column":5}},"21":{"start":{"line":81,"column":39},"end":{"line":81,"column":47}},"22":{"start":{"line":82,"column":26},"end":{"line":82,"column":36}},"23":{"start":{"line":85,"column":8},"end":{"line":94,"column":9}},"24":{"start":{"line":86,"column":12},"end":{"line":91,"column":15}},"25":{"start":{"line":93,"column":12},"end":{"line":93,"column":62}},"26":{"start":{"line":97,"column":4},"end":{"line":97,"column":19}},"27":{"start":{"line":103,"column":30},"end":{"line":110,"column":1}},"28":{"start":{"line":104,"column":4},"end":{"line":109,"column":7}},"29":{"start":{"line":105,"column":28},"end":{"line":108,"column":18}},"30":{"start":{"line":106,"column":12},"end":{"line":106,"column":26}},"31":{"start":{"line":107,"column":12},"end":{"line":107,"column":30}},"32":{"start":{"line":113,"column":0},"end":{"line":113,"column":31}},"33":{"start":{"line":115,"column":20},"end":{"line":115,"column":35}},"34":{"start":{"line":116,"column":25},"end":{"line":116,"column":45}},"35":{"start":{"line":121,"column":30},"end":{"line":121,"column":68}},"36":{"start":{"line":124,"column":0},"end":{"line":124,"column":65}},"37":{"start":{"line":125,"column":32},"end":{"line":125,"column":74}},"38":{"start":{"line":125,"column":38},"end":{"line":125,"column":74}}},"fnMap":{"0":{"name":"(anonymous_0)","decl":{"start":{"line":25,"column":41},"end":{"line":25,"column":42}},"loc":{"start":{"line":25,"column":72},"end":{"line":36,"column":1}},"line":25},"1":{"name":"(anonymous_1)","decl":{"start":{"line":30,"column":17},"end":{"line":30,"column":18}},"loc":{"start":{"line":30,"column":27},"end":{"line":33,"column":5}},"line":30},"2":{"name":"(anonymous_2)","decl":{"start":{"line":42,"column":47},"end":{"line":42,"column":48}},"loc":{"start":{"line":42,"column":70},"end":{"line":60,"column":1}},"line":42},"3":{"name":"(anonymous_3)","decl":{"start":{"line":43,"column":62},"end":{"line":43,"column":63}},"loc":{"start":{"line":43,"column":77},"end":{"line":52,"column":5}},"line":43},"4":{"name":"(anonymous_4)","decl":{"start":{"line":55,"column":40},"end":{"line":55,"column":41}},"loc":{"start":{"line":55,"column":69},"end":{"line":59,"column":5}},"line":55},"5":{"name":"(anonymous_5)","decl":{"start":{"line":67,"column":41},"end":{"line":67,"column":42}},"loc":{"start":{"line":67,"column":77},"end":{"line":98,"column":1}},"line":67},"6":{"name":"(anonymous_6)","decl":{"start":{"line":103,"column":30},"end":{"line":103,"column":31}},"loc":{"start":{"line":103,"column":36},"end":{"line":110,"column":1}},"line":103},"7":{"name":"(anonymous_7)","decl":{"start":{"line":104,"column":23},"end":{"line":104,"column":24}},"loc":{"start":{"line":104,"column":44},"end":{"line":109,"column":5}},"line":104},"8":{"name":"(anonymous_8)","decl":{"start":{"line":105,"column":52},"end":{"line":105,"column":53}},"loc":{"start":{"line":105,"column":64},"end":{"line":108,"column":9}},"line":105},"9":{"name":"(anonymous_9)","decl":{"start":{"line":125,"column":32},"end":{"line":125,"column":33}},"loc":{"start":{"line":125,"column":38},"end":{"line":125,"column":74}},"line":125}},"branchMap":{"0":{"loc":{"start":{"line":68,"column":4},"end":{"line":68,"column":26}},"type":"if","locations":[{"start":{"line":68,"column":4},"end":{"line":68,"column":26}},{"start":{"line":68,"column":4},"end":{"line":68,"column":26}}],"line":68},"1":{"loc":{"start":{"line":80,"column":4},"end":{"line":95,"column":5}},"type":"if","locations":[{"start":{"line":80,"column":4},"end":{"line":95,"column":5}},{"start":{"line":80,"column":4},"end":{"line":95,"column":5}}],"line":80}},"s":{"0":4,"1":4,"2":0,"3":0,"4":0,"5":0,"6":0,"7":0,"8":4,"9":0,"10":0,"11":0,"12":0,"13":0,"14":0,"15":4,"16":0,"17":0,"18":0,"19":0,"20":0,"21":0,"22":0,"23":0,"24":0,"25":0,"26":0,"27":4,"28":3,"29":3,"30":3,"31":3,"32":4,"33":4,"34":4,"35":4,"36":4,"37":4,"38":0},"f":{"0":0,"1":0,"2":0,"3":0,"4":0,"5":0,"6":3,"7":3,"8":3,"9":0},"b":{"0":[0,0],"1":[0,0]},"_coverageSchema":"43e27e138ebf9cfc5966b082cf9a028302ed4184","hash":"2cac2dfa6df8bd82e25884ec741abb23b9fa03c6"}
,"/Users/reba/Code/react-course/harrys-hoods/client/src/pages/checkout/checkout.component.jsx": {"path":"/Users/reba/Code/react-course/harrys-hoods/client/src/pages/checkout/checkout.component.jsx","statementMap":{"0":{"start":{"line":21,"column":28},"end":{"line":69,"column":1}},"1":{"start":{"line":22,"column":4},"end":{"line":68,"column":28}},"2":{"start":{"line":53,"column":38},"end":{"line":53,"column":96}},"3":{"start":{"line":71,"column":24},"end":{"line":74,"column":2}}},"fnMap":{"0":{"name":"(anonymous_0)","decl":{"start":{"line":21,"column":28},"end":{"line":21,"column":29}},"loc":{"start":{"line":22,"column":4},"end":{"line":68,"column":28}},"line":22},"1":{"name":"(anonymous_1)","decl":{"start":{"line":53,"column":26},"end":{"line":53,"column":27}},"loc":{"start":{"line":53,"column":38},"end":{"line":53,"column":96}},"line":53}},"branchMap":{},"s":{"0":1,"1":1,"2":0,"3":1},"f":{"0":1,"1":0},"b":{},"_coverageSchema":"43e27e138ebf9cfc5966b082cf9a028302ed4184","hash":"72fff27a79cd5790ed179f11a0e700c858e4e830"}
,"/Users/reba/Code/react-course/harrys-hoods/client/src/pages/checkout/checkout.styles.jsx": {"path":"/Users/reba/Code/react-course/harrys-hoods/client/src/pages/checkout/checkout.styles.jsx","statementMap":{"0":{"start":{"line":3,"column":39},"end":{"line":9,"column":1}},"1":{"start":{"line":11,"column":37},"end":{"line":23,"column":1}},"2":{"start":{"line":25,"column":36},"end":{"line":40,"column":1}},"3":{"start":{"line":42,"column":30},"end":{"line":46,"column":1}},"4":{"start":{"line":48,"column":32},"end":{"line":53,"column":1}},"5":{"start":{"line":56,"column":0},"end":{"line":56,"column":64}},"6":{"start":{"line":57,"column":0},"end":{"line":57,"column":60}},"7":{"start":{"line":58,"column":0},"end":{"line":58,"column":58}},"8":{"start":{"line":59,"column":0},"end":{"line":59,"column":46}},"9":{"start":{"line":60,"column":0},"end":{"line":60,"column":50}}},"fnMap":{},"branchMap":{},"s":{"0":1,"1":1,"2":1,"3":1,"4":1,"5":1,"6":1,"7":1,"8":1,"9":1},"f":{},"b":{},"_coverageSchema":"43e27e138ebf9cfc5966b082cf9a028302ed4184","hash":"63bfa4d55a4f0294a494ce4dd4bea51a04a028ed"}
,"/Users/reba/Code/react-course/harrys-hoods/client/src/pages/collection/collection.component.jsx": {"path":"/Users/reba/Code/react-course/harrys-hoods/client/src/pages/collection/collection.component.jsx","statementMap":{"0":{"start":{"line":23,"column":30},"end":{"line":39,"column":1}},"1":{"start":{"line":24,"column":29},"end":{"line":24,"column":39}},"2":{"start":{"line":26,"column":4},"end":{"line":38,"column":5}},"3":{"start":{"line":34,"column":38},"end":{"line":34,"column":86}},"4":{"start":{"line":41,"column":24},"end":{"line":43,"column":2}},"5":{"start":{"line":41,"column":46},"end":{"line":43,"column":1}}},"fnMap":{"0":{"name":"(anonymous_0)","decl":{"start":{"line":23,"column":30},"end":{"line":23,"column":31}},"loc":{"start":{"line":23,"column":50},"end":{"line":39,"column":1}},"line":23},"1":{"name":"(anonymous_1)","decl":{"start":{"line":34,"column":30},"end":{"line":34,"column":31}},"loc":{"start":{"line":34,"column":38},"end":{"line":34,"column":86}},"line":34},"2":{"name":"(anonymous_2)","decl":{"start":{"line":41,"column":24},"end":{"line":41,"column":25}},"loc":{"start":{"line":41,"column":46},"end":{"line":43,"column":1}},"line":41}},"branchMap":{},"s":{"0":2,"1":2,"2":2,"3":6,"4":2,"5":0},"f":{"0":2,"1":6,"2":0},"b":{},"_coverageSchema":"43e27e138ebf9cfc5966b082cf9a028302ed4184","hash":"803564532ed96d59d22fde41dcf6d2049ebaf868"}
,"/Users/reba/Code/react-course/harrys-hoods/client/src/pages/collection/collection.container.jsx": {"path":"/Users/reba/Code/react-course/harrys-hoods/client/src/pages/collection/collection.container.jsx","statementMap":{"0":{"start":{"line":12,"column":24},"end":{"line":14,"column":2}},"1":{"start":{"line":13,"column":24},"end":{"line":13,"column":57}},"2":{"start":{"line":16,"column":32},"end":{"line":19,"column":17}}},"fnMap":{"0":{"name":"(anonymous_0)","decl":{"start":{"line":13,"column":15},"end":{"line":13,"column":16}},"loc":{"start":{"line":13,"column":24},"end":{"line":13,"column":57}},"line":13}},"branchMap":{},"s":{"0":1,"1":0,"2":1},"f":{"0":0},"b":{},"_coverageSchema":"43e27e138ebf9cfc5966b082cf9a028302ed4184","hash":"442f989888a04f7cdd4935ddee48105057169050"}
,"/Users/reba/Code/react-course/harrys-hoods/client/src/pages/collection/collection.styles.jsx": {"path":"/Users/reba/Code/react-course/harrys-hoods/client/src/pages/collection/collection.styles.jsx","statementMap":{"0":{"start":{"line":3,"column":39},"end":{"line":7,"column":1}},"1":{"start":{"line":9,"column":31},"end":{"line":12,"column":1}},"2":{"start":{"line":14,"column":40},"end":{"line":25,"column":1}}},"fnMap":{},"branchMap":{},"s":{"0":2,"1":2,"2":2},"f":{},"b":{},"_coverageSchema":"43e27e138ebf9cfc5966b082cf9a028302ed4184","hash":"35314982068992b0c06f21449dbb563c057936d0"}
,"/Users/reba/Code/react-course/harrys-hoods/client/src/pages/homepage/homepage.component.jsx": {"path":"/Users/reba/Code/react-course/harrys-hoods/client/src/pages/homepage/homepage.component.jsx","statementMap":{"0":{"start":{"line":12,"column":17},"end":{"line":16,"column":1}},"1":{"start":{"line":13,"column":4},"end":{"line":15,"column":24}}},"fnMap":{"0":{"name":"(anonymous_0)","decl":{"start":{"line":12,"column":17},"end":{"line":12,"column":18}},"loc":{"start":{"line":13,"column":4},"end":{"line":15,"column":24}},"line":13}},"branchMap":{},"s":{"0":1,"1":1},"f":{"0":1},"b":{},"_coverageSchema":"43e27e138ebf9cfc5966b082cf9a028302ed4184","hash":"e9c5a1764b8f654c35f7b6d4aebec05de9b783b7"}
,"/Users/reba/Code/react-course/harrys-hoods/client/src/pages/homepage/homepage.styles.jsx": {"path":"/Users/reba/Code/react-course/harrys-hoods/client/src/pages/homepage/homepage.styles.jsx","statementMap":{"0":{"start":{"line":3,"column":33},"end":{"line":7,"column":1}}},"fnMap":{},"branchMap":{},"s":{"0":1},"f":{},"b":{},"_coverageSchema":"43e27e138ebf9cfc5966b082cf9a028302ed4184","hash":"516d97f377565e815d44c94f3415c5dc3386b089"}
,"/Users/reba/Code/react-course/harrys-hoods/client/src/pages/shop/shop.component.jsx": {"path":"/Users/reba/Code/react-course/harrys-hoods/client/src/pages/shop/shop.component.jsx","statementMap":{"0":{"start":{"line":16,"column":24},"end":{"line":37,"column":1}},"1":{"start":{"line":17,"column":4},"end":{"line":19,"column":32}},"2":{"start":{"line":18,"column":8},"end":{"line":18,"column":32}},"3":{"start":{"line":21,"column":4},"end":{"line":36,"column":5}},"4":{"start":{"line":39,"column":27},"end":{"line":41,"column":2}},"5":{"start":{"line":39,"column":40},"end":{"line":41,"column":1}},"6":{"start":{"line":40,"column":33},"end":{"line":40,"column":66}}},"fnMap":{"0":{"name":"(anonymous_0)","decl":{"start":{"line":16,"column":24},"end":{"line":16,"column":25}},"loc":{"start":{"line":16,"column":62},"end":{"line":37,"column":1}},"line":16},"1":{"name":"(anonymous_1)","decl":{"start":{"line":17,"column":14},"end":{"line":17,"column":15}},"loc":{"start":{"line":17,"column":20},"end":{"line":19,"column":5}},"line":17},"2":{"name":"(anonymous_2)","decl":{"start":{"line":39,"column":27},"end":{"line":39,"column":28}},"loc":{"start":{"line":39,"column":40},"end":{"line":41,"column":1}},"line":39},"3":{"name":"(anonymous_3)","decl":{"start":{"line":40,"column":27},"end":{"line":40,"column":28}},"loc":{"start":{"line":40,"column":33},"end":{"line":40,"column":66}},"line":40}},"branchMap":{},"s":{"0":1,"1":2,"2":2,"3":2,"4":1,"5":0,"6":0},"f":{"0":2,"1":2,"2":0,"3":0},"b":{},"_coverageSchema":"43e27e138ebf9cfc5966b082cf9a028302ed4184","hash":"ec69c3d1462b66cd5eb703bcda74bf66998f1dcc"}
,"/Users/reba/Code/react-course/harrys-hoods/client/src/pages/sign-in-and-sign-up/sign-in-and-sign-up.component.jsx": {"path":"/Users/reba/Code/react-course/harrys-hoods/client/src/pages/sign-in-and-sign-up/sign-in-and-sign-up.component.jsx","statementMap":{"0":{"start":{"line":13,"column":24},"end":{"line":18,"column":1}},"1":{"start":{"line":14,"column":4},"end":{"line":17,"column":31}}},"fnMap":{"0":{"name":"(anonymous_0)","decl":{"start":{"line":13,"column":24},"end":{"line":13,"column":25}},"loc":{"start":{"line":14,"column":4},"end":{"line":17,"column":31}},"line":14}},"branchMap":{},"s":{"0":1,"1":1},"f":{"0":1},"b":{},"_coverageSchema":"43e27e138ebf9cfc5966b082cf9a028302ed4184","hash":"365de6aee574a98b527bee81c969b1164e651682"}
,"/Users/reba/Code/react-course/harrys-hoods/client/src/pages/sign-in-and-sign-up/sign-in-and-sign-up.styles.jsx": {"path":"/Users/reba/Code/react-course/harrys-hoods/client/src/pages/sign-in-and-sign-up/sign-in-and-sign-up.styles.jsx","statementMap":{"0":{"start":{"line":3,"column":40},"end":{"line":18,"column":1}},"1":{"start":{"line":21,"column":0},"end":{"line":21,"column":66}}},"fnMap":{},"branchMap":{},"s":{"0":1,"1":1},"f":{},"b":{},"_coverageSchema":"43e27e138ebf9cfc5966b082cf9a028302ed4184","hash":"e194a7e2d340607932fe8fd6026a6a71bb243e36"}
,"/Users/reba/Code/react-course/harrys-hoods/client/src/redux/root-reducer.js": {"path":"/Users/reba/Code/react-course/harrys-hoods/client/src/redux/root-reducer.js","statementMap":{"0":{"start":{"line":13,"column":22},"end":{"line":17,"column":1}},"1":{"start":{"line":19,"column":20},"end":{"line":24,"column":2}}},"fnMap":{},"branchMap":{},"s":{"0":0,"1":0},"f":{},"b":{},"hash":"f359ce4dd48bc78b69e5cda823af2ba376a990ec"}
,"/Users/reba/Code/react-course/harrys-hoods/client/src/redux/root-saga.js": {"path":"/Users/reba/Code/react-course/harrys-hoods/client/src/redux/root-saga.js","statementMap":{"0":{"start":{"line":9,"column":4},"end":{"line":13,"column":7}}},"fnMap":{"0":{"name":"rootSaga","decl":{"start":{"line":8,"column":25},"end":{"line":8,"column":33}},"loc":{"start":{"line":8,"column":36},"end":{"line":14,"column":1}},"line":8}},"branchMap":{},"s":{"0":0},"f":{"0":0},"b":{},"hash":"2a6f12f1ca02eb7c2566490e475f2340ef504db6"}
,"/Users/reba/Code/react-course/harrys-hoods/client/src/redux/saga-testing.utils.js": {"path":"/Users/reba/Code/react-course/harrys-hoods/client/src/redux/saga-testing.utils.js","statementMap":{"0":{"start":{"line":4,"column":23},"end":{"line":4,"column":25}},"1":{"start":{"line":6,"column":4},"end":{"line":12,"column":11}},"2":{"start":{"line":8,"column":32},"end":{"line":8,"column":55}},"3":{"start":{"line":14,"column":4},"end":{"line":14,"column":22}}},"fnMap":{"0":{"name":"recordSaga","decl":{"start":{"line":3,"column":22},"end":{"line":3,"column":32}},"loc":{"start":{"line":3,"column":54},"end":{"line":15,"column":1}},"line":3},"1":{"name":"(anonymous_1)","decl":{"start":{"line":8,"column":22},"end":{"line":8,"column":23}},"loc":{"start":{"line":8,"column":32},"end":{"line":8,"column":55}},"line":8}},"branchMap":{},"s":{"0":0,"1":0,"2":0,"3":0},"f":{"0":0,"1":0},"b":{},"hash":"0dbfc6dfdc0d667a9fa5bdb4d7775bd9c823e371"}
,"/Users/reba/Code/react-course/harrys-hoods/client/src/redux/store.js": {"path":"/Users/reba/Code/react-course/harrys-hoods/client/src/redux/store.js","statementMap":{"0":{"start":{"line":9,"column":23},"end":{"line":9,"column":45}},"1":{"start":{"line":10,"column":20},"end":{"line":12,"column":1}},"2":{"start":{"line":14,"column":0},"end":{"line":16,"column":1}},"3":{"start":{"line":15,"column":4},"end":{"line":15,"column":29}},"4":{"start":{"line":18,"column":21},"end":{"line":18,"column":78}},"5":{"start":{"line":19,"column":0},"end":{"line":19,"column":29}},"6":{"start":{"line":20,"column":25},"end":{"line":20,"column":44}}},"fnMap":{},"branchMap":{"0":{"loc":{"start":{"line":14,"column":0},"end":{"line":16,"column":1}},"type":"if","locations":[{"start":{"line":14,"column":0},"end":{"line":16,"column":1}},{"start":{"line":14,"column":0},"end":{"line":16,"column":1}}],"line":14}},"s":{"0":0,"1":0,"2":0,"3":0,"4":0,"5":0,"6":0},"f":{},"b":{"0":[0,0]},"hash":"eb0f92c3e2eaa193dc5a51371e2b8a424ec71cb8"}
,"/Users/reba/Code/react-course/harrys-hoods/client/src/redux/cart/cart.actions.js": {"path":"/Users/reba/Code/react-course/harrys-hoods/client/src/redux/cart/cart.actions.js","statementMap":{"0":{"start":{"line":3,"column":23},"end":{"line":6,"column":2}},"1":{"start":{"line":3,"column":32},"end":{"line":6,"column":1}},"2":{"start":{"line":8,"column":25},"end":{"line":10,"column":2}},"3":{"start":{"line":8,"column":32},"end":{"line":10,"column":1}},"4":{"start":{"line":12,"column":33},"end":{"line":15,"column":2}},"5":{"start":{"line":12,"column":42},"end":{"line":15,"column":1}},"6":{"start":{"line":17,"column":26},"end":{"line":20,"column":2}},"7":{"start":{"line":17,"column":35},"end":{"line":20,"column":1}},"8":{"start":{"line":22,"column":32},"end":{"line":24,"column":2}},"9":{"start":{"line":22,"column":39},"end":{"line":24,"column":1}}},"fnMap":{"0":{"name":"(anonymous_0)","decl":{"start":{"line":3,"column":23},"end":{"line":3,"column":24}},"loc":{"start":{"line":3,"column":32},"end":{"line":6,"column":1}},"line":3},"1":{"name":"(anonymous_1)","decl":{"start":{"line":8,"column":25},"end":{"line":8,"column":26}},"loc":{"start":{"line":8,"column":32},"end":{"line":10,"column":1}},"line":8},"2":{"name":"(anonymous_2)","decl":{"start":{"line":12,"column":33},"end":{"line":12,"column":34}},"loc":{"start":{"line":12,"column":42},"end":{"line":15,"column":1}},"line":12},"3":{"name":"(anonymous_3)","decl":{"start":{"line":17,"column":26},"end":{"line":17,"column":27}},"loc":{"start":{"line":17,"column":35},"end":{"line":20,"column":1}},"line":17},"4":{"name":"(anonymous_4)","decl":{"start":{"line":22,"column":32},"end":{"line":22,"column":33}},"loc":{"start":{"line":22,"column":39},"end":{"line":24,"column":1}},"line":22}},"branchMap":{},"s":{"0":12,"1":1,"2":12,"3":3,"4":12,"5":1,"6":12,"7":1,"8":12,"9":3},"f":{"0":1,"1":3,"2":1,"3":1,"4":3},"b":{},"_coverageSchema":"43e27e138ebf9cfc5966b082cf9a028302ed4184","hash":"c533db18ca53db5cbd8790acbfcaed73ee86fb1a"}
[...]
,"/Users/reba/Code/react-course/harrys-hoods/client/src/redux/shop/shop.reducer.js": {"path":"/Users/reba/Code/react-course/harrys-hoods/client/src/redux/shop/shop.reducer.js","statementMap":{"0":{"start":{"line":3,"column":22},"end":{"line":7,"column":1}},"1":{"start":{"line":9,"column":20},"end":{"line":34,"column":1}},"2":{"start":{"line":10,"column":4},"end":{"line":33,"column":5}},"3":{"start":{"line":12,"column":12},"end":{"line":16,"column":14}},"4":{"start":{"line":19,"column":12},"end":{"line":22,"column":14}},"5":{"start":{"line":25,"column":12},"end":{"line":29,"column":14}},"6":{"start":{"line":32,"column":12},"end":{"line":32,"column":25}}},"fnMap":{"0":{"name":"(anonymous_0)","decl":{"start":{"line":9,"column":20},"end":{"line":9,"column":21}},"loc":{"start":{"line":9,"column":55},"end":{"line":34,"column":1}},"line":9}},"branchMap":{"0":{"loc":{"start":{"line":9,"column":21},"end":{"line":9,"column":42}},"type":"default-arg","locations":[{"start":{"line":9,"column":29},"end":{"line":9,"column":42}}],"line":9},"1":{"loc":{"start":{"line":10,"column":4},"end":{"line":33,"column":5}},"type":"switch","locations":[{"start":{"line":11,"column":8},"end":{"line":16,"column":14}},{"start":{"line":18,"column":8},"end":{"line":22,"column":14}},{"start":{"line":24,"column":8},"end":{"line":29,"column":14}},{"start":{"line":31,"column":8},"end":{"line":32,"column":25}}],"line":10}},"s":{"0":1,"1":1,"2":4,"3":1,"4":1,"5":1,"6":1},"f":{"0":4},"b":{"0":[1],"1":[1,1,1,1]},"_coverageSchema":"43e27e138ebf9cfc5966b082cf9a028302ed4184","hash":"316cb0d76003367d3629259a23dac0949632b97e"}
,"/Users/reba/Code/react-course/harrys-hoods/client/src/redux/shop/shop.sagas.js": {"path":"/Users/reba/Code/react-course/harrys-hoods/client/src/redux/shop/shop.sagas.js","statementMap":{"0":{"start":{"line":11,"column":4},"end":{"line":19,"column":5}},"1":{"start":{"line":12,"column":30},"end":{"line":12,"column":65}},"2":{"start":{"line":13,"column":25},"end":{"line":13,"column":50}},"3":{"start":{"line":14,"column":31},"end":{"line":14,"column":84}},"4":{"start":{"line":16,"column":8},"end":{"line":16,"column":59}},"5":{"start":{"line":18,"column":8},"end":{"line":18,"column":58}},"6":{"start":{"line":23,"column":4},"end":{"line":23,"column":85}},"7":{"start":{"line":27,"column":4},"end":{"line":29,"column":7}}},"fnMap":{"0":{"name":"fetchCollectionsAsync","decl":{"start":{"line":10,"column":17},"end":{"line":10,"column":38}},"loc":{"start":{"line":10,"column":41},"end":{"line":20,"column":1}},"line":10},"1":{"name":"onFetchCollectionStart","decl":{"start":{"line":22,"column":17},"end":{"line":22,"column":39}},"loc":{"start":{"line":22,"column":42},"end":{"line":24,"column":1}},"line":22},"2":{"name":"shopSagas","decl":{"start":{"line":26,"column":17},"end":{"line":26,"column":26}},"loc":{"start":{"line":26,"column":29},"end":{"line":30,"column":1}},"line":26}},"branchMap":{},"s":{"0":2,"1":2,"2":2,"3":1,"4":1,"5":1,"6":1,"7":0},"f":{"0":2,"1":1,"2":0},"b":{},"_coverageSchema":"43e27e138ebf9cfc5966b082cf9a028302ed4184","hash":"6ed1a196e76725c87667540e86dd9f9a785b39ed"}
,"/Users/reba/Code/react-course/harrys-hoods/client/src/redux/shop/shop.selectors.js": {"path":"/Users/reba/Code/react-course/harrys-hoods/client/src/redux/shop/shop.selectors.js","statementMap":{"0":{"start":{"line":3,"column":19},"end":{"line":3,"column":38}},"1":{"start":{"line":3,"column":28},"end":{"line":3,"column":38}},"2":{"start":{"line":5,"column":33},"end":{"line":8,"column":1}},"3":{"start":{"line":7,"column":12},"end":{"line":7,"column":28}},"4":{"start":{"line":10,"column":32},"end":{"line":15,"column":1}},"5":{"start":{"line":10,"column":54},"end":{"line":15,"column":1}},"6":{"start":{"line":12,"column":19},"end":{"line":14,"column":14}},"7":{"start":{"line":17,"column":43},"end":{"line":22,"column":1}},"8":{"start":{"line":19,"column":19},"end":{"line":21,"column":12}},"9":{"start":{"line":20,"column":46},"end":{"line":20,"column":62}},"10":{"start":{"line":24,"column":42},"end":{"line":27,"column":1}},"11":{"start":{"line":26,"column":12},"end":{"line":26,"column":27}},"12":{"start":{"line":29,"column":41},"end":{"line":32,"column":1}},"13":{"start":{"line":31,"column":19},"end":{"line":31,"column":32}}},"fnMap":{"0":{"name":"(anonymous_0)","decl":{"start":{"line":3,"column":19},"end":{"line":3,"column":20}},"loc":{"start":{"line":3,"column":28},"end":{"line":3,"column":38}},"line":3},"1":{"name":"(anonymous_1)","decl":{"start":{"line":7,"column":4},"end":{"line":7,"column":5}},"loc":{"start":{"line":7,"column":12},"end":{"line":7,"column":28}},"line":7},"2":{"name":"(anonymous_2)","decl":{"start":{"line":10,"column":32},"end":{"line":10,"column":33}},"loc":{"start":{"line":10,"column":54},"end":{"line":15,"column":1}},"line":10},"3":{"name":"(anonymous_3)","decl":{"start":{"line":12,"column":4},"end":{"line":12,"column":5}},"loc":{"start":{"line":12,"column":19},"end":{"line":14,"column":14}},"line":12},"4":{"name":"(anonymous_4)","decl":{"start":{"line":19,"column":4},"end":{"line":19,"column":5}},"loc":{"start":{"line":19,"column":19},"end":{"line":21,"column":12}},"line":19},"5":{"name":"(anonymous_5)","decl":{"start":{"line":20,"column":39},"end":{"line":20,"column":40}},"loc":{"start":{"line":20,"column":46},"end":{"line":20,"column":62}},"line":20},"6":{"name":"(anonymous_6)","decl":{"start":{"line":26,"column":4},"end":{"line":26,"column":5}},"loc":{"start":{"line":26,"column":12},"end":{"line":26,"column":27}},"line":26},"7":{"name":"(anonymous_7)","decl":{"start":{"line":31,"column":4},"end":{"line":31,"column":5}},"loc":{"start":{"line":31,"column":19},"end":{"line":31,"column":32}},"line":31}},"branchMap":{"0":{"loc":{"start":{"line":12,"column":19},"end":{"line":14,"column":14}},"type":"cond-expr","locations":[{"start":{"line":13,"column":10},"end":{"line":13,"column":41}},{"start":{"line":14,"column":10},"end":{"line":14,"column":14}}],"line":12},"1":{"loc":{"start":{"line":19,"column":19},"end":{"line":21,"column":12}},"type":"cond-expr","locations":[{"start":{"line":20,"column":10},"end":{"line":20,"column":63}},{"start":{"line":21,"column":10},"end":{"line":21,"column":12}}],"line":19}},"s":{"0":3,"1":2,"2":3,"3":0,"4":3,"5":0,"6":0,"7":3,"8":0,"9":0,"10":3,"11":2,"12":3,"13":0},"f":{"0":2,"1":0,"2":0,"3":0,"4":0,"5":0,"6":2,"7":0},"b":{"0":[0,0],"1":[0,0]},"_coverageSchema":"43e27e138ebf9cfc5966b082cf9a028302ed4184","hash":"50b2e495ada1a4073ee7b8f51813704b25606861"}
,"/Users/reba/Code/react-course/harrys-hoods/client/src/redux/shop/shop.types.js": {"path":"/Users/reba/Code/react-course/harrys-hoods/client/src/redux/shop/shop.types.js","statementMap":{"0":{"start":{"line":1,"column":24},"end":{"line":5,"column":1}}},"fnMap":{},"branchMap":{},"s":{"0":4},"f":{},"b":{},"_coverageSchema":"43e27e138ebf9cfc5966b082cf9a028302ed4184","hash":"911d537fb6984c0e0bb96229d224805fe47d0cc8"}
,"/Users/reba/Code/react-course/harrys-hoods/client/src/redux/user/user.actions.js": {"path":"/Users/reba/Code/react-course/harrys-hoods/client/src/redux/user/user.actions.js","statementMap":{"0":{"start":{"line":3,"column":32},"end":{"line":5,"column":2}},"1":{"start":{"line":3,"column":39},"end":{"line":5,"column":1}},"2":{"start":{"line":7,"column":32},"end":{"line":10,"column":2}},"3":{"start":{"line":7,"column":53},"end":{"line":10,"column":1}},"4":{"start":{"line":12,"column":33},"end":{"line":14,"column":2}},"5":{"start":{"line":12,"column":40},"end":{"line":14,"column":1}},"6":{"start":{"line":16,"column":29},"end":{"line":19,"column":2}},"7":{"start":{"line":16,"column":39},"end":{"line":19,"column":1}},"8":{"start":{"line":21,"column":29},"end":{"line":24,"column":2}},"9":{"start":{"line":21,"column":38},"end":{"line":24,"column":1}},"10":{"start":{"line":26,"column":30},"end":{"line":29,"column":2}},"11":{"start":{"line":26,"column":40},"end":{"line":29,"column":1}},"12":{"start":{"line":31,"column":28},"end":{"line":33,"column":2}},"13":{"start":{"line":31,"column":35},"end":{"line":33,"column":1}},"14":{"start":{"line":35,"column":30},"end":{"line":37,"column":2}},"15":{"start":{"line":35,"column":37},"end":{"line":37,"column":1}},"16":{"start":{"line":39,"column":29},"end":{"line":42,"column":2}},"17":{"start":{"line":39,"column":39},"end":{"line":42,"column":1}},"18":{"start":{"line":44,"column":27},"end":{"line":47,"column":2}},"19":{"start":{"line":44,"column":47},"end":{"line":47,"column":1}},"20":{"start":{"line":49,"column":29},"end":{"line":52,"column":2}},"21":{"start":{"line":49,"column":60},"end":{"line":52,"column":1}}},"fnMap":{"0":{"name":"(anonymous_0)","decl":{"start":{"line":3,"column":32},"end":{"line":3,"column":33}},"loc":{"start":{"line":3,"column":39},"end":{"line":5,"column":1}},"line":3},"1":{"name":"(anonymous_1)","decl":{"start":{"line":7,"column":32},"end":{"line":7,"column":33}},"loc":{"start":{"line":7,"column":53},"end":{"line":10,"column":1}},"line":7},"2":{"name":"(anonymous_2)","decl":{"start":{"line":12,"column":33},"end":{"line":12,"column":34}},"loc":{"start":{"line":12,"column":40},"end":{"line":14,"column":1}},"line":12},"3":{"name":"(anonymous_3)","decl":{"start":{"line":16,"column":29},"end":{"line":16,"column":30}},"loc":{"start":{"line":16,"column":39},"end":{"line":19,"column":1}},"line":16},"4":{"name":"(anonymous_4)","decl":{"start":{"line":21,"column":29},"end":{"line":21,"column":30}},"loc":{"start":{"line":21,"column":38},"end":{"line":24,"column":1}},"line":21},"5":{"name":"(anonymous_5)","decl":{"start":{"line":26,"column":30},"end":{"line":26,"column":31}},"loc":{"start":{"line":26,"column":40},"end":{"line":29,"column":1}},"line":26},"6":{"name":"(anonymous_6)","decl":{"start":{"line":31,"column":28},"end":{"line":31,"column":29}},"loc":{"start":{"line":31,"column":35},"end":{"line":33,"column":1}},"line":31},"7":{"name":"(anonymous_7)","decl":{"start":{"line":35,"column":30},"end":{"line":35,"column":31}},"loc":{"start":{"line":35,"column":37},"end":{"line":37,"column":1}},"line":35},"8":{"name":"(anonymous_8)","decl":{"start":{"line":39,"column":29},"end":{"line":39,"column":30}},"loc":{"start":{"line":39,"column":39},"end":{"line":42,"column":1}},"line":39},"9":{"name":"(anonymous_9)","decl":{"start":{"line":44,"column":27},"end":{"line":44,"column":28}},"loc":{"start":{"line":44,"column":47},"end":{"line":47,"column":1}},"line":44},"10":{"name":"(anonymous_10)","decl":{"start":{"line":49,"column":29},"end":{"line":49,"column":30}},"loc":{"start":{"line":49,"column":60},"end":{"line":52,"column":1}},"line":49}},"branchMap":{},"s":{"0":3,"1":0,"2":3,"3":0,"4":3,"5":0,"6":3,"7":6,"8":3,"9":0,"10":3,"11":2,"12":3,"13":0,"14":3,"15":2,"16":3,"17":0,"18":3,"19":0,"20":3,"21":0},"f":{"0":0,"1":0,"2":0,"3":6,"4":0,"5":2,"6":0,"7":2,"8":0,"9":0,"10":0},"b":{},"_coverageSchema":"43e27e138ebf9cfc5966b082cf9a028302ed4184","hash":"2e442a38afedb79f65d7791d4edfbdc1e613e667"}
,"/Users/reba/Code/react-course/harrys-hoods/client/src/redux/user/user.reducer.js": {"path":"/Users/reba/Code/react-course/harrys-hoods/client/src/redux/user/user.reducer.js","statementMap":{"0":{"start":{"line":3,"column":22},"end":{"line":6,"column":1}},"1":{"start":{"line":8,"column":20},"end":{"line":35,"column":1}},"2":{"start":{"line":9,"column":4},"end":{"line":34,"column":5}},"3":{"start":{"line":11,"column":12},"end":{"line":15,"column":14}},"4":{"start":{"line":18,"column":12},"end":{"line":22,"column":14}},"5":{"start":{"line":27,"column":12},"end":{"line":30,"column":14}},"6":{"start":{"line":33,"column":12},"end":{"line":33,"column":25}}},"fnMap":{"0":{"name":"(anonymous_0)","decl":{"start":{"line":8,"column":20},"end":{"line":8,"column":21}},"loc":{"start":{"line":8,"column":55},"end":{"line":35,"column":1}},"line":8}},"branchMap":{"0":{"loc":{"start":{"line":8,"column":21},"end":{"line":8,"column":42}},"type":"default-arg","locations":[{"start":{"line":8,"column":29},"end":{"line":8,"column":42}}],"line":8},"1":{"loc":{"start":{"line":9,"column":4},"end":{"line":34,"column":5}},"type":"switch","locations":[{"start":{"line":10,"column":8},"end":{"line":15,"column":14}},{"start":{"line":17,"column":8},"end":{"line":22,"column":14}},{"start":{"line":24,"column":8},"end":{"line":24,"column":45}},{"start":{"line":25,"column":8},"end":{"line":25,"column":46}},{"start":{"line":26,"column":8},"end":{"line":30,"column":14}},{"start":{"line":32,"column":8},"end":{"line":33,"column":25}}],"line":9}},"s":{"0":1,"1":1,"2":6,"3":1,"4":1,"5":3,"6":1},"f":{"0":6},"b":{"0":[1],"1":[1,1,1,2,3,1]},"_coverageSchema":"43e27e138ebf9cfc5966b082cf9a028302ed4184","hash":"77a91af2bd6ee94187285d31ad2b38031e7d360b"}
,"/Users/reba/Code/react-course/harrys-hoods/client/src/redux/user/user.sagas.js": {"path":"/Users/reba/Code/react-course/harrys-hoods/client/src/redux/user/user.sagas.js","statementMap":{"0":{"start":{"line":23,"column":4},"end":{"line":31,"column":5}},"1":{"start":{"line":24,"column":25},"end":{"line":24,"column":47}},"2":{"start":{"line":26,"column":8},"end":{"line":26,"column":30}},"3":{"start":{"line":26,"column":23},"end":{"line":26,"column":30}},"4":{"start":{"line":28,"column":8},"end":{"line":28,"column":48}},"5":{"start":{"line":30,"column":8},"end":{"line":30,"column":40}},"6":{"start":{"line":35,"column":4},"end":{"line":35,"column":78}},"7":{"start":{"line":39,"column":4},"end":{"line":46,"column":5}},"8":{"start":{"line":40,"column":24},"end":{"line":40,"column":87}},"9":{"start":{"line":41,"column":29},"end":{"line":41,"column":48}},"10":{"start":{"line":43,"column":8},"end":{"line":43,"column":82}},"11":{"start":{"line":45,"column":8},"end":{"line":45,"column":34}},"12":{"start":{"line":50,"column":4},"end":{"line":55,"column":5}},"13":{"start":{"line":51,"column":25},"end":{"line":51,"column":79}},"14":{"start":{"line":52,"column":8},"end":{"line":52,"column":44}},"15":{"start":{"line":54,"column":8},"end":{"line":54,"column":34}},"16":{"start":{"line":59,"column":4},"end":{"line":59,"column":75}},"17":{"start":{"line":63,"column":4},"end":{"line":68,"column":5}},"18":{"start":{"line":64,"column":25},"end":{"line":64,"column":67}},"19":{"start":{"line":65,"column":8},"end":{"line":65,"column":44}},"20":{"start":{"line":67,"column":8},"end":{"line":67,"column":40}},"21":{"start":{"line":72,"column":4},"end":{"line":72,"column":76}},"22":{"start":{"line":76,"column":4},"end":{"line":81,"column":5}},"23":{"start":{"line":77,"column":8},"end":{"line":77,"column":29}},"24":{"start":{"line":78,"column":8},"end":{"line":78,"column":36}},"25":{"start":{"line":80,"column":8},"end":{"line":80,"column":41}},"26":{"start":{"line":85,"column":4},"end":{"line":85,"column":61}},"27":{"start":{"line":89,"column":4},"end":{"line":95,"column":5}},"28":{"start":{"line":90,"column":25},"end":{"line":90,"column":83}},"29":{"start":{"line":92,"column":8},"end":{"line":92,"column":76}},"30":{"start":{"line":94,"column":8},"end":{"line":94,"column":40}},"31":{"start":{"line":99,"column":4},"end":{"line":99,"column":56}},"32":{"start":{"line":103,"column":4},"end":{"line":103,"column":60}},"33":{"start":{"line":107,"column":4},"end":{"line":107,"column":73}},"34":{"start":{"line":111,"column":4},"end":{"line":118,"column":7}}},"fnMap":{"0":{"name":"isUserAuthenticated","decl":{"start":{"line":22,"column":17},"end":{"line":22,"column":36}},"loc":{"start":{"line":22,"column":39},"end":{"line":32,"column":1}},"line":22},"1":{"name":"onCheckUserSession","decl":{"start":{"line":34,"column":17},"end":{"line":34,"column":35}},"loc":{"start":{"line":34,"column":38},"end":{"line":36,"column":1}},"line":34},"2":{"name":"getSnapshotFromUserAuth","decl":{"start":{"line":38,"column":17},"end":{"line":38,"column":40}},"loc":{"start":{"line":38,"column":67},"end":{"line":47,"column":1}},"line":38},"3":{"name":"signInWithEmail","decl":{"start":{"line":49,"column":17},"end":{"line":49,"column":32}},"loc":{"start":{"line":49,"column":67},"end":{"line":56,"column":1}},"line":49},"4":{"name":"onEmailSignInStart","decl":{"start":{"line":58,"column":17},"end":{"line":58,"column":35}},"loc":{"start":{"line":58,"column":38},"end":{"line":60,"column":1}},"line":58},"5":{"name":"signInWithGoogle","decl":{"start":{"line":62,"column":17},"end":{"line":62,"column":33}},"loc":{"start":{"line":62,"column":36},"end":{"line":69,"column":1}},"line":62},"6":{"name":"onGoogleSignInStart","decl":{"start":{"line":71,"column":17},"end":{"line":71,"column":36}},"loc":{"start":{"line":71,"column":39},"end":{"line":73,"column":1}},"line":71},"7":{"name":"signOut","decl":{"start":{"line":75,"column":17},"end":{"line":75,"column":24}},"loc":{"start":{"line":75,"column":27},"end":{"line":82,"column":1}},"line":75},"8":{"name":"onSignOutStart","decl":{"start":{"line":84,"column":17},"end":{"line":84,"column":31}},"loc":{"start":{"line":84,"column":34},"end":{"line":86,"column":1}},"line":84},"9":{"name":"signUp","decl":{"start":{"line":88,"column":17},"end":{"line":88,"column":23}},"loc":{"start":{"line":88,"column":71},"end":{"line":96,"column":1}},"line":88},"10":{"name":"signInAfterSignUp","decl":{"start":{"line":98,"column":17},"end":{"line":98,"column":34}},"loc":{"start":{"line":98,"column":74},"end":{"line":100,"column":1}},"line":98},"11":{"name":"onSignUpStart","decl":{"start":{"line":102,"column":17},"end":{"line":102,"column":30}},"loc":{"start":{"line":102,"column":33},"end":{"line":104,"column":1}},"line":102},"12":{"name":"onSignUpSuccess","decl":{"start":{"line":106,"column":17},"end":{"line":106,"column":32}},"loc":{"start":{"line":106,"column":35},"end":{"line":108,"column":1}},"line":106},"13":{"name":"userSagas","decl":{"start":{"line":110,"column":17},"end":{"line":110,"column":26}},"loc":{"start":{"line":110,"column":29},"end":{"line":119,"column":1}},"line":110}},"branchMap":{"0":{"loc":{"start":{"line":26,"column":8},"end":{"line":26,"column":30}},"type":"if","locations":[{"start":{"line":26,"column":8},"end":{"line":26,"column":30}},{"start":{"line":26,"column":8},"end":{"line":26,"column":30}}],"line":26}},"s":{"0":2,"1":2,"2":1,"3":0,"4":1,"5":1,"6":1,"7":5,"8":5,"9":4,"10":0,"11":4,"12":0,"13":0,"14":0,"15":0,"16":1,"17":0,"18":0,"19":0,"20":0,"21":1,"22":2,"23":2,"24":1,"25":1,"26":1,"27":1,"28":1,"29":0,"30":0,"31":1,"32":1,"33":1,"34":0},"f":{"0":2,"1":1,"2":5,"3":0,"4":1,"5":0,"6":1,"7":2,"8":1,"9":1,"10":1,"11":1,"12":1,"13":0},"b":{"0":[0,1]},"_coverageSchema":"43e27e138ebf9cfc5966b082cf9a028302ed4184","hash":"894bd1995de2e2671772309b5239aef045e1f190"}
,"/Users/reba/Code/react-course/harrys-hoods/client/src/redux/user/user.selectors.js": {"path":"/Users/reba/Code/react-course/harrys-hoods/client/src/redux/user/user.selectors.js","statementMap":{"0":{"start":{"line":3,"column":19},"end":{"line":3,"column":38}},"1":{"start":{"line":3,"column":28},"end":{"line":3,"column":38}},"2":{"start":{"line":5,"column":33},"end":{"line":8,"column":1}},"3":{"start":{"line":7,"column":12},"end":{"line":7,"column":28}}},"fnMap":{"0":{"name":"(anonymous_0)","decl":{"start":{"line":3,"column":19},"end":{"line":3,"column":20}},"loc":{"start":{"line":3,"column":28},"end":{"line":3,"column":38}},"line":3},"1":{"name":"(anonymous_1)","decl":{"start":{"line":7,"column":4},"end":{"line":7,"column":5}},"loc":{"start":{"line":7,"column":12},"end":{"line":7,"column":28}},"line":7}},"branchMap":{},"s":{"0":1,"1":0,"2":1,"3":0},"f":{"0":0,"1":0},"b":{},"_coverageSchema":"43e27e138ebf9cfc5966b082cf9a028302ed4184","hash":"fdb3666e6beba222b5d8d1a9a9660cc694ac71c5"}
,"/Users/reba/Code/react-course/harrys-hoods/client/src/redux/user/user.types.js": {"path":"/Users/reba/Code/react-course/harrys-hoods/client/src/redux/user/user.types.js","statementMap":{"0":{"start":{"line":1,"column":24},"end":{"line":13,"column":1}}},"fnMap":{},"branchMap":{},"s":{"0":5},"f":{},"b":{},"_coverageSchema":"43e27e138ebf9cfc5966b082cf9a028302ed4184","hash":"3afcd991b50ceea8555c443a02e50d64d654d105"}
}
