TN:
SF:/Users/reba/Code/react-course/harrys-hoods/client/src/App.js
FN:23,(anonymous_0)
FN:24,(anonymous_1)
FN:25,(anonymous_2)
FN:26,(anonymous_3)
FN:28,(anonymous_4)
FN:29,(anonymous_5)
FN:65,(anonymous_6)
FN:77,(anonymous_7)
FN:78,(anonymous_8)
FNF:9
FNH:0
FNDA:0,(anonymous_0)
FNDA:0,(anonymous_1)
FNDA:0,(anonymous_2)
FNDA:0,(anonymous_3)
FNDA:0,(anonymous_4)
FNDA:0,(anonymous_5)
FNDA:0,(anonymous_6)
FNDA:0,(anonymous_7)
FNDA:0,(anonymous_8)
DA:23,0
DA:24,0
DA:25,0
DA:26,0
DA:28,0
DA:29,0
DA:30,0
DA:45,0
DA:65,0
DA:77,0
DA:78,0
DA:81,0
LF:12
LH:0
BRDA:65,0,0,0
BRDA:65,0,1,0
BRF:2
BRH:0
end_of_record
TN:
SF:/Users/reba/Code/react-course/harrys-hoods/client/src/global.styles.js
FNF:0
FNH:0
DA:3,0
LF:1
LH:0
BRF:0
BRH:0
end_of_record
TN:
SF:/Users/reba/Code/react-course/harrys-hoods/client/src/index.js
FNF:0
FNH:0
DA:13,0
DA:24,0
LF:2
LH:0
BRF:0
BRH:0
end_of_record
TN:
SF:/Users/reba/Code/react-course/harrys-hoods/client/src/serviceWorker.js
FN:23,register
FN:34,(anonymous_1)
FN:43,(anonymous_2)
FN:57,registerValidSW
FN:60,(anonymous_4)
FN:61,(anonymous_5)
FN:66,(anonymous_6)
FN:96,(anonymous_7)
FN:101,checkValidServiceWorker
FN:104,(anonymous_9)
FN:112,(anonymous_10)
FN:113,(anonymous_11)
FN:122,(anonymous_12)
FN:129,unregister
FN:131,(anonymous_14)
FNF:15
FNH:0
FNDA:0,register
FNDA:0,(anonymous_1)
FNDA:0,(anonymous_2)
FNDA:0,registerValidSW
FNDA:0,(anonymous_4)
FNDA:0,(anonymous_5)
FNDA:0,(anonymous_6)
FNDA:0,(anonymous_7)
FNDA:0,checkValidServiceWorker
FNDA:0,(anonymous_9)
FNDA:0,(anonymous_10)
FNDA:0,(anonymous_11)
FNDA:0,(anonymous_12)
FNDA:0,unregister
FNDA:0,(anonymous_14)
DA:13,0
DA:24,0
DA:26,0
DA:27,0
DA:31,0
DA:34,0
DA:35,0
DA:37,0
DA:39,0
DA:43,0
DA:44,0
DA:51,0
DA:58,0
DA:61,0
DA:62,0
DA:63,0
DA:64,0
DA:66,0
DA:67,0
DA:68,0
DA:72,0
DA:78,0
DA:79,0
DA:85,0
DA:88,0
DA:89,0
DA:97,0
DA:103,0
DA:106,0
DA:107,0
DA:112,0
DA:113,0
DA:114,0
DA:119,0
DA:123,0
DA:130,0
DA:131,0
DA:132,0
LF:38
LH:0
BRDA:14,0,0,0
BRDA:14,0,1,0
BRDA:14,0,2,0
BRDA:24,1,0,0
BRDA:24,1,1,0
BRDA:24,2,0,0
BRDA:24,2,1,0
BRDA:27,3,0,0
BRDA:27,3,1,0
BRDA:37,4,0,0
BRDA:37,4,1,0
BRDA:63,5,0,0
BRDA:63,5,1,0
BRDA:67,6,0,0
BRDA:67,6,1,0
BRDA:68,7,0,0
BRDA:68,7,1,0
BRDA:78,8,0,0
BRDA:78,8,1,0
BRDA:78,9,0,0
BRDA:78,9,1,0
BRDA:88,10,0,0
BRDA:88,10,1,0
BRDA:88,11,0,0
BRDA:88,11,1,0
BRDA:107,12,0,0
BRDA:107,12,1,0
BRDA:108,13,0,0
BRDA:108,13,1,0
BRDA:108,13,2,0
BRDA:130,14,0,0
BRDA:130,14,1,0
BRF:32
BRH:0
end_of_record
TN:
SF:/Users/reba/Code/react-course/harrys-hoods/client/src/components/cart-dropdown/cart-dropdown.component.jsx
FN:27,(anonymous_0)
FN:33,(anonymous_1)
FN:40,(anonymous_2)
FNF:3
FNH:3
FNDA:5,(anonymous_0)
FNDA:12,(anonymous_1)
FNDA:1,(anonymous_2)
DA:27,2
DA:28,5
DA:33,12
DA:41,1
DA:42,1
DA:50,2
LF:6
LH:6
BRDA:32,0,0,4
BRDA:32,0,1,1
BRF:2
BRH:2
end_of_record
TN:
SF:/Users/reba/Code/react-course/harrys-hoods/client/src/components/cart-dropdown/cart-dropdown.styles.jsx
FNF:0
FNH:0
DA:4,2
DA:8,2
DA:22,2
DA:29,2
DA:35,2
DA:36,2
DA:37,2
DA:38,2
LF:8
LH:8
BRF:0
BRH:0
end_of_record
TN:
SF:/Users/reba/Code/react-course/harrys-hoods/client/src/components/cart-icon/cart-icon.component.jsx
FN:19,(anonymous_0)
FN:30,(anonymous_1)
FN:31,(anonymous_2)
FNF:3
FNH:1
FNDA:3,(anonymous_0)
FNDA:0,(anonymous_1)
FNDA:0,(anonymous_2)
DA:19,2
DA:20,3
DA:26,2
DA:30,2
DA:31,0
LF:5
LH:4
BRF:0
BRH:0
end_of_record
TN:
SF:/Users/reba/Code/react-course/harrys-hoods/client/src/components/cart-icon/cart-icon.styles.jsx
FNF:0
FNH:0
DA:4,2
DA:14,2
DA:21,2
DA:27,2
DA:28,2
DA:29,2
LF:6
LH:6
BRF:0
BRH:0
end_of_record
TN:
SF:/Users/reba/Code/react-course/harrys-hoods/client/src/components/cart-item/cart-item.component.jsx
FN:10,(anonymous_0)
FNF:1
FNH:1
FNDA:1,(anonymous_0)
DA:10,3
DA:11,1
LF:2
LH:2
BRF:0
BRH:0
end_of_record
TN:
SF:/Users/reba/Code/react-course/harrys-hoods/client/src/components/cart-item/cart-item.styles.jsx
FNF:0
FNH:0
DA:3,3
DA:10,3
DA:14,3
DA:24,3
DA:25,3
DA:26,3
LF:6
LH:6
BRF:0
BRH:0
end_of_record
TN:
SF:/Users/reba/Code/react-course/harrys-hoods/client/src/components/checkout-item/checkout-item.component.jsx
FN:16,(anonymous_0)
FN:32,(anonymous_1)
FN:38,(anonymous_2)
FN:45,(anonymous_3)
FN:52,(anonymous_4)
FN:53,(anonymous_5)
FN:54,(anonymous_6)
FN:55,(anonymous_7)
FNF:8
FNH:4
FNDA:4,(anonymous_0)
FNDA:1,(anonymous_1)
FNDA:1,(anonymous_2)
FNDA:1,(anonymous_3)
FNDA:0,(anonymous_4)
FNDA:0,(anonymous_5)
FNDA:0,(anonymous_6)
FNDA:0,(anonymous_7)
DA:16,2
DA:17,4
DA:19,4
DA:32,1
DA:38,1
DA:45,1
DA:52,2
DA:53,0
DA:54,0
DA:55,0
LF:10
LH:7
BRF:0
BRH:0
end_of_record
TN:
SF:/Users/reba/Code/react-course/harrys-hoods/client/src/components/checkout-item/checkout-item.styles.jsx
FNF:0
FNH:0
DA:3,2
DA:17,2
DA:27,2
DA:35,2
DA:47,2
DA:53,2
DA:54,2
DA:55,2
DA:56,2
DA:57,2
LF:10
LH:10
BRF:0
BRH:0
end_of_record
TN:
SF:/Users/reba/Code/react-course/harrys-hoods/client/src/components/collection-item/collection-item.component.jsx
FN:22,(anonymous_0)
FN:42,(anonymous_1)
FN:50,(anonymous_2)
FN:51,(anonymous_3)
FNF:4
FNH:2
FNDA:5,(anonymous_0)
FNDA:1,(anonymous_1)
FNDA:0,(anonymous_2)
FNDA:0,(anonymous_3)
DA:22,5
DA:23,5
DA:25,5
DA:42,1
DA:50,5
DA:51,0
LF:6
LH:5
BRF:0
BRH:0
end_of_record
TN:
SF:/Users/reba/Code/react-course/harrys-hoods/client/src/components/collection-item/collection-item.styles.jsx
FN:54,(anonymous_0)
FNF:1
FNH:0
FNDA:0,(anonymous_0)
DA:4,5
DA:38,5
DA:53,5
DA:54,0
DA:62,5
DA:70,5
DA:75,5
DA:81,5
DA:82,5
DA:83,5
DA:84,5
DA:85,5
DA:86,5
LF:13
LH:12
BRF:0
BRH:0
end_of_record
TN:
SF:/Users/reba/Code/react-course/harrys-hoods/client/src/components/collection-preview/collection-preview.component.jsx
FN:19,(anonymous_0)
FN:22,(anonymous_1)
FN:30,(anonymous_2)
FN:31,(anonymous_3)
FNF:4
FNH:2
FNDA:2,(anonymous_0)
FNDA:1,(anonymous_1)
FNDA:0,(anonymous_2)
FNDA:0,(anonymous_3)
DA:19,3
DA:20,2
DA:22,1
DA:30,0
DA:32,0
LF:5
LH:3
BRF:0
BRH:0
end_of_record
TN:
SF:/Users/reba/Code/react-course/harrys-hoods/client/src/components/collection-preview/collection-preview.styles.jsx
FNF:0
FNH:0
DA:3,3
DA:13,3
DA:23,3
DA:35,3
DA:36,3
DA:37,3
LF:6
LH:6
BRF:0
BRH:0
end_of_record
TN:
SF:/Users/reba/Code/react-course/harrys-hoods/client/src/components/collections-overview/collections-overview.component.jsx
FN:19,(anonymous_0)
FN:22,(anonymous_1)
FNF:2
FNH:1
FNDA:1,(anonymous_0)
FNDA:0,(anonymous_1)
DA:19,2
DA:20,1
DA:23,0
DA:29,2
LF:4
LH:3
BRF:0
BRH:0
end_of_record
TN:
SF:/Users/reba/Code/react-course/harrys-hoods/client/src/components/collections-overview/collections-overview.container.jsx
FNF:0
FNH:0
DA:12,1
DA:16,1
LF:2
LH:2
BRF:0
BRH:0
end_of_record
TN:
SF:/Users/reba/Code/react-course/harrys-hoods/client/src/components/collections-overview/collections-overview.styles.jsx
FNF:0
FNH:0
DA:3,2
DA:9,2
LF:2
LH:2
BRF:0
BRH:0
end_of_record
TN:
SF:/Users/reba/Code/react-course/harrys-hoods/client/src/components/custom-button/custom-button.component.jsx
FN:11,(anonymous_0)
FNF:1
FNH:1
FNDA:1,(anonymous_0)
DA:11,9
DA:12,1
LF:2
LH:2
BRF:0
BRH:0
end_of_record
TN:
SF:/Users/reba/Code/react-course/harrys-hoods/client/src/components/custom-button/custom-button.styles.jsx
FN:37,(anonymous_0)
FNF:1
FNH:0
FNDA:0,(anonymous_0)
DA:3,9
DA:15,9
DA:27,9
DA:37,9
DA:38,0
DA:39,0
DA:42,0
DA:45,9
LF:8
LH:5
BRDA:38,0,0,0
BRDA:38,0,1,0
BRDA:42,1,0,0
BRDA:42,1,1,0
BRF:4
BRH:0
end_of_record
TN:
SF:/Users/reba/Code/react-course/harrys-hoods/client/src/components/directory/directory.component.jsx
FN:17,(anonymous_0)
FN:20,(anonymous_1)
FNF:2
FNH:1
FNDA:1,(anonymous_0)
FNDA:0,(anonymous_1)
DA:17,2
DA:18,1
DA:21,0
DA:27,2
LF:4
LH:3
BRF:0
BRH:0
end_of_record
TN:
SF:/Users/reba/Code/react-course/harrys-hoods/client/src/components/directory/directory.styles.jsx
FNF:0
FNH:0
DA:3,2
DA:11,2
LF:2
LH:2
BRF:0
BRH:0
end_of_record
TN:
SF:/Users/reba/Code/react-course/harrys-hoods/client/src/components/error-boundary/error-boundary.component.jsx
FN:15,(anonymous_0)
FN:23,(anonymous_1)
FN:28,(anonymous_2)
FN:32,(anonymous_3)
FNF:4
FNH:0
FNDA:0,(anonymous_0)
FNDA:0,(anonymous_1)
FNDA:0,(anonymous_2)
FNDA:0,(anonymous_3)
DA:16,0
DA:18,0
DA:25,0
DA:29,0
DA:33,0
DA:34,0
DA:45,0
LF:7
LH:0
BRDA:33,0,0,0
BRDA:33,0,1,0
BRF:2
BRH:0
end_of_record
TN:
SF:/Users/reba/Code/react-course/harrys-hoods/client/src/components/error-boundary/error-boundary.styles.jsx
FN:16,(anonymous_0)
FNF:1
FNH:0
FNDA:0,(anonymous_0)
DA:3,0
DA:5,0
DA:15,0
DA:16,0
DA:24,0
DA:30,0
LF:6
LH:0
BRF:0
BRH:0
end_of_record
TN:
SF:/Users/reba/Code/react-course/harrys-hoods/client/src/components/footer/footer.component.jsx
FN:6,(anonymous_0)
FNF:1
FNH:1
FNDA:1,(anonymous_0)
DA:6,1
DA:7,1
LF:2
LH:2
BRF:0
BRH:0
end_of_record
TN:
SF:/Users/reba/Code/react-course/harrys-hoods/client/src/components/footer/footer.styles.jsx
FNF:0
FNH:0
DA:3,1
DA:16,1
LF:2
LH:2
BRF:0
BRH:0
end_of_record
TN:
SF:/Users/reba/Code/react-course/harrys-hoods/client/src/components/form-input/form-input.component.jsx
FN:16,(anonymous_0)
FNF:1
FNH:1
FNDA:5,(anonymous_0)
DA:16,2
DA:17,5
LF:2
LH:2
BRDA:23,0,0,4
BRDA:23,0,1,1
BRDA:25,1,0,4
BRDA:25,1,1,0
BRF:4
BRH:3
end_of_record
TN:
SF:/Users/reba/Code/react-course/harrys-hoods/client/src/components/form-input/form-input.styles.jsx
FNF:0
FNH:0
DA:3,2
DA:4,2
DA:6,2
DA:12,2
DA:34,2
DA:49,2
DA:59,2
DA:60,2
DA:61,2
LF:9
LH:9
BRF:0
BRH:0
end_of_record
TN:
SF:/Users/reba/Code/react-course/harrys-hoods/client/src/components/header/header.component.jsx
FN:29,(anonymous_0)
FN:57,(anonymous_1)
FN:58,(anonymous_2)
FNF:3
FNH:1
FNDA:8,(anonymous_0)
FNDA:0,(anonymous_1)
FNDA:0,(anonymous_2)
DA:29,1
DA:30,8
DA:57,1
DA:58,0
DA:61,1
LF:5
LH:4
BRDA:43,0,0,6
BRDA:43,0,1,2
BRDA:53,1,0,7
BRDA:53,1,1,1
BRF:4
BRH:4
end_of_record
TN:
SF:/Users/reba/Code/react-course/harrys-hoods/client/src/components/header/header.styles.jsx
FNF:0
FNH:0
DA:4,1
DA:18,1
DA:29,1
DA:41,1
DA:47,1
DA:48,1
DA:49,1
DA:50,1
LF:8
LH:8
BRF:0
BRH:0
end_of_record
TN:
SF:/Users/reba/Code/react-course/harrys-hoods/client/src/components/menu-item/menu-item.component.jsx
FN:23,(anonymous_0)
FN:26,(anonymous_1)
FNF:2
FNH:2
FNDA:4,(anonymous_0)
FNDA:1,(anonymous_1)
DA:23,3
DA:24,4
DA:26,1
LF:3
LH:3
BRF:0
BRH:0
end_of_record
TN:
SF:/Users/reba/Code/react-course/harrys-hoods/client/src/components/menu-item/menu-item.styles.jsx
FN:8,(anonymous_0)
FN:45,(anonymous_1)
FNF:2
FNH:0
FNDA:0,(anonymous_0)
FNDA:0,(anonymous_1)
DA:3,3
DA:8,0
DA:44,3
DA:45,0
DA:52,3
DA:65,3
DA:72,3
DA:78,3
DA:79,3
DA:80,3
DA:81,3
DA:82,3
LF:12
LH:10
BRDA:8,0,0,0
BRDA:8,0,1,0
BRF:2
BRH:0
end_of_record
TN:
SF:/Users/reba/Code/react-course/harrys-hoods/client/src/components/sign-in/sign-in.component.jsx
FN:21,(anonymous_0)
FN:29,(anonymous_1)
FN:39,(anonymous_2)
FN:87,(anonymous_3)
FN:88,(anonymous_4)
FN:89,(anonymous_5)
FNF:6
FNH:0
FNDA:0,(anonymous_0)
FNDA:0,(anonymous_1)
FNDA:0,(anonymous_2)
FNDA:0,(anonymous_3)
FNDA:0,(anonymous_4)
FNDA:0,(anonymous_5)
DA:21,1
DA:22,0
DA:23,0
DA:29,0
DA:30,0
DA:32,0
DA:39,0
DA:40,0
DA:42,0
DA:45,0
DA:87,1
DA:88,0
DA:89,0
LF:13
LH:2
BRF:0
BRH:0
end_of_record
TN:
SF:/Users/reba/Code/react-course/harrys-hoods/client/src/components/sign-in/sign-in.styles.jsx
FNF:0
FNH:0
DA:3,1
DA:8,1
DA:14,1
DA:19,1
DA:20,1
DA:21,1
LF:6
LH:6
BRF:0
BRH:0
end_of_record
TN:
SF:/Users/reba/Code/react-course/harrys-hoods/client/src/components/sign-up/sign-up.component.jsx
FN:17,(anonymous_0)
FN:30,(anonymous_1)
FN:40,(anonymous_2)
FN:104,(anonymous_3)
FN:105,(anonymous_4)
FNF:5
FNH:0
FNDA:0,(anonymous_0)
FNDA:0,(anonymous_1)
FNDA:0,(anonymous_2)
FNDA:0,(anonymous_3)
FNDA:0,(anonymous_4)
DA:17,1
DA:18,0
DA:24,0
DA:30,0
DA:31,0
DA:33,0
DA:40,0
DA:41,0
DA:43,0
DA:44,0
DA:45,0
DA:48,0
DA:51,0
DA:104,1
DA:105,0
LF:15
LH:2
BRDA:43,0,0,0
BRDA:43,0,1,0
BRF:2
BRH:0
end_of_record
TN:
SF:/Users/reba/Code/react-course/harrys-hoods/client/src/components/sign-up/sign-up.styles.jsx
FNF:0
FNH:0
DA:3,1
DA:9,1
DA:14,1
DA:15,1
LF:4
LH:4
BRF:0
BRH:0
end_of_record
TN:
SF:/Users/reba/Code/react-course/harrys-hoods/client/src/components/spinner/spinner.component.jsx
FN:9,(anonymous_0)
FNF:1
FNH:1
FNDA:2,(anonymous_0)
DA:9,2
DA:10,2
LF:2
LH:2
BRF:0
BRH:0
end_of_record
TN:
SF:/Users/reba/Code/react-course/harrys-hoods/client/src/components/spinner/spinner.styles.jsx
FNF:0
FNH:0
DA:3,2
DA:11,2
DA:33,2
DA:34,2
LF:4
LH:4
BRF:0
BRH:0
end_of_record
TN:
SF:/Users/reba/Code/react-course/harrys-hoods/client/src/components/stripe-button/stripe-button.component.jsx
FN:5,(anonymous_0)
FN:9,(anonymous_1)
FN:18,(anonymous_2)
FN:21,(anonymous_3)
FNF:4
FNH:0
FNDA:0,(anonymous_0)
FNDA:0,(anonymous_1)
FNDA:0,(anonymous_2)
FNDA:0,(anonymous_3)
DA:5,1
DA:6,0
DA:7,0
DA:9,0
DA:10,0
DA:19,0
DA:22,0
DA:23,0
DA:29,0
LF:9
LH:1
BRF:0
BRH:0
end_of_record
TN:
SF:/Users/reba/Code/react-course/harrys-hoods/client/src/components/with-spinner/with-spinner.component.jsx
FN:10,(anonymous_0)
FN:10,(anonymous_1)
FNF:2
FNH:2
FNDA:3,(anonymous_0)
FNDA:6,(anonymous_1)
DA:10,3
DA:11,6
LF:2
LH:2
BRDA:11,0,0,4
BRDA:11,0,1,2
BRF:2
BRH:2
end_of_record
TN:
SF:/Users/reba/Code/react-course/harrys-hoods/client/src/firebase/firebase.utils.js
FN:25,(anonymous_0)
FN:30,(anonymous_1)
FN:42,(anonymous_2)
FN:43,(anonymous_3)
FN:55,(anonymous_4)
FN:67,(anonymous_5)
FN:103,(anonymous_6)
FN:104,(anonymous_7)
FN:105,(anonymous_8)
FN:125,(anonymous_9)
FNF:10
FNH:3
FNDA:0,(anonymous_0)
FNDA:0,(anonymous_1)
FNDA:0,(anonymous_2)
FNDA:0,(anonymous_3)
FNDA:0,(anonymous_4)
FNDA:0,(anonymous_5)
FNDA:3,(anonymous_6)
FNDA:3,(anonymous_7)
FNDA:3,(anonymous_8)
FNDA:0,(anonymous_9)
DA:6,4
DA:25,4
DA:26,0
DA:27,0
DA:30,0
DA:31,0
DA:32,0
DA:35,0
DA:42,4
DA:43,0
DA:44,0
DA:46,0
DA:55,0
DA:56,0
DA:58,0
DA:67,4
DA:68,0
DA:71,0
DA:77,0
DA:80,0
DA:81,0
DA:82,0
DA:85,0
DA:86,0
DA:93,0
DA:97,0
DA:103,4
DA:104,3
DA:105,3
DA:106,3
DA:107,3
DA:113,4
DA:115,4
DA:116,4
DA:121,4
DA:124,4
DA:125,4
LF:37
LH:15
BRDA:68,0,0,0
BRDA:68,0,1,0
BRDA:80,1,0,0
BRDA:80,1,1,0
BRF:4
BRH:0
end_of_record
TN:
SF:/Users/reba/Code/react-course/harrys-hoods/client/src/pages/checkout/checkout.component.jsx
FN:21,(anonymous_0)
FN:53,(anonymous_1)
FNF:2
FNH:1
FNDA:1,(anonymous_0)
FNDA:0,(anonymous_1)
DA:21,1
DA:22,1
DA:53,0
DA:71,1
LF:4
LH:3
BRF:0
BRH:0
end_of_record
TN:
SF:/Users/reba/Code/react-course/harrys-hoods/client/src/pages/checkout/checkout.styles.jsx
FNF:0
FNH:0
DA:3,1
DA:11,1
DA:25,1
DA:42,1
DA:48,1
DA:56,1
DA:57,1
DA:58,1
DA:59,1
DA:60,1
LF:10
LH:10
BRF:0
BRH:0
end_of_record
TN:
SF:/Users/reba/Code/react-course/harrys-hoods/client/src/pages/collection/collection.component.jsx
FN:23,(anonymous_0)
FN:34,(anonymous_1)
FN:41,(anonymous_2)
FNF:3
FNH:2
FNDA:2,(anonymous_0)
FNDA:6,(anonymous_1)
FNDA:0,(anonymous_2)
DA:23,2
DA:24,2
DA:26,2
DA:34,6
DA:41,2
LF:5
LH:5
BRF:0
BRH:0
end_of_record
TN:
SF:/Users/reba/Code/react-course/harrys-hoods/client/src/pages/collection/collection.container.jsx
FN:13,(anonymous_0)
FNF:1
FNH:0
FNDA:0,(anonymous_0)
DA:12,1
DA:13,0
DA:16,1
LF:3
LH:2
BRF:0
BRH:0
end_of_record
TN:
SF:/Users/reba/Code/react-course/harrys-hoods/client/src/pages/collection/collection.styles.jsx
FNF:0
FNH:0
DA:3,2
DA:9,2
DA:14,2
LF:3
LH:3
BRF:0
BRH:0
end_of_record
TN:
SF:/Users/reba/Code/react-course/harrys-hoods/client/src/pages/homepage/homepage.component.jsx
FN:12,(anonymous_0)
FNF:1
FNH:1
FNDA:1,(anonymous_0)
DA:12,1
DA:13,1
LF:2
LH:2
BRF:0
BRH:0
end_of_record
TN:
SF:/Users/reba/Code/react-course/harrys-hoods/client/src/pages/homepage/homepage.styles.jsx
FNF:0
FNH:0
DA:3,1
LF:1
LH:1
BRF:0
BRH:0
end_of_record
TN:
SF:/Users/reba/Code/react-course/harrys-hoods/client/src/pages/shop/shop.component.jsx
FN:16,(anonymous_0)
FN:17,(anonymous_1)
FN:39,(anonymous_2)
FN:40,(anonymous_3)
FNF:4
FNH:2
FNDA:2,(anonymous_0)
FNDA:2,(anonymous_1)
FNDA:0,(anonymous_2)
FNDA:0,(anonymous_3)
DA:16,1
DA:17,2
DA:18,2
DA:21,2
DA:39,1
DA:40,0
LF:6
LH:5
BRF:0
BRH:0
end_of_record
TN:
SF:/Users/reba/Code/react-course/harrys-hoods/client/src/pages/sign-in-and-sign-up/sign-in-and-sign-up.component.jsx
FN:13,(anonymous_0)
FNF:1
FNH:1
FNDA:1,(anonymous_0)
DA:13,1
DA:14,1
LF:2
LH:2
BRF:0
BRH:0
end_of_record
TN:
SF:/Users/reba/Code/react-course/harrys-hoods/client/src/pages/sign-in-and-sign-up/sign-in-and-sign-up.styles.jsx
FNF:0
FNH:0
DA:3,1
DA:21,1
LF:2
LH:2
BRF:0
BRH:0
end_of_record
TN:
SF:/Users/reba/Code/react-course/harrys-hoods/client/src/redux/root-reducer.js
FNF:0
FNH:0
DA:13,0
DA:19,0
LF:2
LH:0
BRF:0
BRH:0
end_of_record
TN:
SF:/Users/reba/Code/react-course/harrys-hoods/client/src/redux/root-saga.js
FN:8,rootSaga
FNF:1
FNH:0
FNDA:0,rootSaga
DA:9,0
LF:1
LH:0
BRF:0
BRH:0
end_of_record
TN:
SF:/Users/reba/Code/react-course/harrys-hoods/client/src/redux/saga-testing.utils.js
FN:3,recordSaga
FN:8,(anonymous_1)
FNF:2
FNH:0
FNDA:0,recordSaga
FNDA:0,(anonymous_1)
DA:4,0
DA:6,0
DA:8,0
DA:14,0
LF:4
LH:0
BRF:0
BRH:0
end_of_record
TN:
SF:/Users/reba/Code/react-course/harrys-hoods/client/src/redux/store.js
FNF:0
FNH:0
DA:9,0
DA:10,0
DA:14,0
DA:15,0
DA:18,0
DA:19,0
DA:20,0
LF:7
LH:0
BRDA:14,0,0,0
BRDA:14,0,1,0
BRF:2
BRH:0
end_of_record
TN:
SF:/Users/reba/Code/react-course/harrys-hoods/client/src/redux/cart/cart.actions.js
FN:3,(anonymous_0)
FN:8,(anonymous_1)
FN:12,(anonymous_2)
FN:17,(anonymous_3)
FN:22,(anonymous_4)
FNF:5
FNH:5
FNDA:1,(anonymous_0)
FNDA:3,(anonymous_1)
FNDA:1,(anonymous_2)
FNDA:1,(anonymous_3)
FNDA:3,(anonymous_4)
DA:3,12
DA:8,12
DA:12,12
DA:17,12
DA:22,12
LF:5
LH:5
BRF:0
BRH:0
end_of_record
TN:
SF:/Users/reba/Code/react-course/harrys-hoods/client/src/redux/cart/cart.reducer.js
FN:9,(anonymous_0)
FN:26,(anonymous_1)
FNF:2
FNH:2
FNDA:6,(anonymous_0)
FNDA:2,(anonymous_1)
DA:4,1
DA:9,1
DA:10,6
DA:12,1
DA:18,1
DA:24,1
DA:26,2
DA:30,1
DA:36,1
DA:42,1
LF:10
LH:10
BRDA:9,0,0,1
BRDA:10,1,0,1
BRDA:10,1,1,1
BRDA:10,1,2,1
BRDA:10,1,3,1
BRDA:10,1,4,1
BRDA:10,1,5,1
BRF:7
BRH:7
end_of_record
TN:
SF:/Users/reba/Code/react-course/harrys-hoods/client/src/redux/cart/cart.sagas.js
FN:7,clearCartOnSignOut
FN:11,onSignOutSuccess
FN:15,cartSagas
FNF:3
FNH:2
FNDA:1,clearCartOnSignOut
FNDA:1,onSignOutSuccess
FNDA:0,cartSagas
DA:8,1
DA:12,1
DA:16,0
LF:3
LH:2
BRF:0
BRH:0
end_of_record
TN:
SF:/Users/reba/Code/react-course/harrys-hoods/client/src/redux/cart/cart.selectors.js
FN:3,(anonymous_0)
FN:7,(anonymous_1)
FN:12,(anonymous_2)
FN:17,(anonymous_3)
FN:19,(anonymous_4)
FN:26,(anonymous_5)
FN:28,(anonymous_6)
FNF:7
FNH:0
FNDA:0,(anonymous_0)
FNDA:0,(anonymous_1)
FNDA:0,(anonymous_2)
FNDA:0,(anonymous_3)
FNDA:0,(anonymous_4)
FNDA:0,(anonymous_5)
FNDA:0,(anonymous_6)
DA:3,4
DA:5,4
DA:7,0
DA:10,4
DA:12,0
DA:15,4
DA:18,0
DA:19,0
DA:24,4
DA:27,0
DA:29,0
LF:11
LH:5
BRF:0
BRH:0
end_of_record
TN:
SF:/Users/reba/Code/react-course/harrys-hoods/client/src/redux/cart/cart.types.js
FNF:0
FNH:0
DA:1,13
LF:1
LH:1
BRF:0
BRH:0
end_of_record
TN:
SF:/Users/reba/Code/react-course/harrys-hoods/client/src/redux/cart/cart.utils.js
FN:7,(anonymous_0)
FN:8,(anonymous_1)
FN:12,(anonymous_2)
FN:28,(anonymous_3)
FN:30,(anonymous_4)
FN:35,(anonymous_5)
FN:38,(anonymous_6)
FNF:7
FNH:6
FNDA:1,(anonymous_0)
FNDA:1,(anonymous_1)
FNDA:2,(anonymous_2)
FNDA:1,(anonymous_3)
FNDA:1,(anonymous_4)
FNDA:0,(anonymous_5)
FNDA:2,(anonymous_6)
DA:7,1
DA:8,1
DA:11,1
DA:12,1
DA:13,2
DA:19,0
DA:28,1
DA:29,1
DA:30,1
DA:34,1
DA:35,0
DA:38,1
DA:39,2
LF:13
LH:11
BRDA:11,0,0,1
BRDA:11,0,1,0
BRDA:13,1,0,1
BRDA:13,1,1,1
BRDA:34,2,0,0
BRDA:34,2,1,1
BRDA:39,3,0,1
BRDA:39,3,1,1
BRF:8
BRH:6
end_of_record
TN:
SF:/Users/reba/Code/react-course/harrys-hoods/client/src/redux/directory/directory.reducer.js
FN:38,(anonymous_0)
FNF:1
FNH:1
FNDA:1,(anonymous_0)
DA:1,1
DA:38,1
DA:39,1
DA:41,1
LF:4
LH:4
BRDA:38,0,0,1
BRDA:39,1,0,1
BRF:2
BRH:2
end_of_record
TN:
SF:/Users/reba/Code/react-course/harrys-hoods/client/src/redux/directory/directory.selectors.js
FN:3,(anonymous_0)
FN:7,(anonymous_1)
FNF:2
FNH:0
FNDA:0,(anonymous_0)
FNDA:0,(anonymous_1)
DA:3,2
DA:5,2
DA:7,0
LF:3
LH:2
BRF:0
BRH:0
end_of_record
TN:
SF:/Users/reba/Code/react-course/harrys-hoods/client/src/redux/shop/shop.actions.js
FN:4,(anonymous_0)
FN:9,(anonymous_1)
FN:13,(anonymous_2)
FN:21,(anonymous_3)
FN:22,(anonymous_4)
FN:28,(anonymous_5)
FN:32,(anonymous_6)
FNF:7
FNH:5
FNDA:3,(anonymous_0)
FNDA:3,(anonymous_1)
FNDA:3,(anonymous_2)
FNDA:1,(anonymous_3)
FNDA:1,(anonymous_4)
FNDA:0,(anonymous_5)
FNDA:0,(anonymous_6)
DA:4,3
DA:9,3
DA:13,3
DA:21,3
DA:22,1
DA:23,1
DA:24,1
DA:26,1
DA:29,0
DA:30,0
DA:32,0
LF:11
LH:8
BRF:0
BRH:0
end_of_record
TN:
SF:/Users/reba/Code/react-course/harrys-hoods/client/src/redux/shop/shop.reducer.js
FN:9,(anonymous_0)
FNF:1
FNH:1
FNDA:4,(anonymous_0)
DA:3,1
DA:9,1
DA:10,4
DA:12,1
DA:19,1
DA:25,1
DA:32,1
LF:7
LH:7
BRDA:9,0,0,1
BRDA:10,1,0,1
BRDA:10,1,1,1
BRDA:10,1,2,1
BRDA:10,1,3,1
BRF:5
BRH:5
end_of_record
TN:
SF:/Users/reba/Code/react-course/harrys-hoods/client/src/redux/shop/shop.sagas.js
FN:10,fetchCollectionsAsync
FN:22,onFetchCollectionStart
FN:26,shopSagas
FNF:3
FNH:2
FNDA:2,fetchCollectionsAsync
FNDA:1,onFetchCollectionStart
FNDA:0,shopSagas
DA:11,2
DA:12,2
DA:13,2
DA:14,1
DA:16,1
DA:18,1
DA:23,1
DA:27,0
LF:8
LH:7
BRF:0
BRH:0
end_of_record
TN:
SF:/Users/reba/Code/react-course/harrys-hoods/client/src/redux/shop/shop.selectors.js
FN:3,(anonymous_0)
FN:7,(anonymous_1)
FN:10,(anonymous_2)
FN:12,(anonymous_3)
FN:19,(anonymous_4)
FN:20,(anonymous_5)
FN:26,(anonymous_6)
FN:31,(anonymous_7)
FNF:8
FNH:2
FNDA:2,(anonymous_0)
FNDA:0,(anonymous_1)
FNDA:0,(anonymous_2)
FNDA:0,(anonymous_3)
FNDA:0,(anonymous_4)
FNDA:0,(anonymous_5)
FNDA:2,(anonymous_6)
FNDA:0,(anonymous_7)
DA:3,3
DA:5,3
DA:7,0
DA:10,3
DA:12,0
DA:17,3
DA:19,0
DA:20,0
DA:24,3
DA:26,2
DA:29,3
DA:31,0
LF:12
LH:7
BRDA:12,0,0,0
BRDA:12,0,1,0
BRDA:19,1,0,0
BRDA:19,1,1,0
BRF:4
BRH:0
end_of_record
TN:
SF:/Users/reba/Code/react-course/harrys-hoods/client/src/redux/shop/shop.types.js
FNF:0
FNH:0
DA:1,4
LF:1
LH:1
BRF:0
BRH:0
end_of_record
TN:
SF:/Users/reba/Code/react-course/harrys-hoods/client/src/redux/user/user.actions.js
FN:3,(anonymous_0)
FN:7,(anonymous_1)
FN:12,(anonymous_2)
FN:16,(anonymous_3)
FN:21,(anonymous_4)
FN:26,(anonymous_5)
FN:31,(anonymous_6)
FN:35,(anonymous_7)
FN:39,(anonymous_8)
FN:44,(anonymous_9)
FN:49,(anonymous_10)
FNF:11
FNH:3
FNDA:0,(anonymous_0)
FNDA:0,(anonymous_1)
FNDA:0,(anonymous_2)
FNDA:6,(anonymous_3)
FNDA:0,(anonymous_4)
FNDA:2,(anonymous_5)
FNDA:0,(anonymous_6)
FNDA:2,(anonymous_7)
FNDA:0,(anonymous_8)
FNDA:0,(anonymous_9)
FNDA:0,(anonymous_10)
DA:3,3
DA:7,3
DA:12,3
DA:16,6
DA:21,3
DA:26,3
DA:31,3
DA:35,3
DA:39,3
DA:44,3
DA:49,3
LF:11
LH:11
BRF:0
BRH:0
end_of_record
TN:
SF:/Users/reba/Code/react-course/harrys-hoods/client/src/redux/user/user.reducer.js
FN:8,(anonymous_0)
FNF:1
FNH:1
FNDA:6,(anonymous_0)
DA:3,1
DA:8,1
DA:9,6
DA:11,1
DA:18,1
DA:27,3
DA:33,1
LF:7
LH:7
BRDA:8,0,0,1
BRDA:9,1,0,1
BRDA:9,1,1,1
BRDA:9,1,2,1
BRDA:9,1,3,2
BRDA:9,1,4,3
BRDA:9,1,5,1
BRF:7
BRH:7
end_of_record
TN:
SF:/Users/reba/Code/react-course/harrys-hoods/client/src/redux/user/user.sagas.js
FN:22,isUserAuthenticated
FN:34,onCheckUserSession
FN:38,getSnapshotFromUserAuth
FN:49,signInWithEmail
FN:58,onEmailSignInStart
FN:62,signInWithGoogle
FN:71,onGoogleSignInStart
FN:75,signOut
FN:84,onSignOutStart
FN:88,signUp
FN:98,signInAfterSignUp
FN:102,onSignUpStart
FN:106,onSignUpSuccess
FN:110,userSagas
FNF:14
FNH:11
FNDA:2,isUserAuthenticated
FNDA:1,onCheckUserSession
FNDA:5,getSnapshotFromUserAuth
FNDA:0,signInWithEmail
FNDA:1,onEmailSignInStart
FNDA:0,signInWithGoogle
FNDA:1,onGoogleSignInStart
FNDA:2,signOut
FNDA:1,onSignOutStart
FNDA:1,signUp
FNDA:1,signInAfterSignUp
FNDA:1,onSignUpStart
FNDA:1,onSignUpSuccess
FNDA:0,userSagas
DA:23,2
DA:24,2
DA:26,1
DA:28,1
DA:30,1
DA:35,1
DA:39,5
DA:40,5
DA:41,4
DA:43,0
DA:45,4
DA:50,0
DA:51,0
DA:52,0
DA:54,0
DA:59,1
DA:63,0
DA:64,0
DA:65,0
DA:67,0
DA:72,1
DA:76,2
DA:77,2
DA:78,1
DA:80,1
DA:85,1
DA:89,1
DA:90,1
DA:92,0
DA:94,0
DA:99,1
DA:103,1
DA:107,1
DA:111,0
LF:34
LH:22
BRDA:26,0,0,0
BRDA:26,0,1,1
BRF:2
BRH:1
end_of_record
TN:
SF:/Users/reba/Code/react-course/harrys-hoods/client/src/redux/user/user.selectors.js
FN:3,(anonymous_0)
FN:7,(anonymous_1)
FNF:2
FNH:0
FNDA:0,(anonymous_0)
FNDA:0,(anonymous_1)
DA:3,1
DA:5,1
DA:7,0
LF:3
LH:2
BRF:0
BRH:0
end_of_record
TN:
SF:/Users/reba/Code/react-course/harrys-hoods/client/src/redux/user/user.types.js
FNF:0
FNH:0
DA:1,5
LF:1
LH:1
BRF:0
BRH:0
end_of_record
